size  rank  host  max_eigen_value
288 0 cn41 NaN
288 251 cn57 13.84185 
288 109 cn54 15.95371 
288 211 cn56 13.05245 
288 5 cn41 13.43461 
288 10 cn41 13.84803 
288 11 cn41 12.87339 
288 21 cn41 14.77634 
288 1 cn41 14.1254 
288 3 cn41 15.48058 
288 242 cn57 14.23499 
288 118 cn54 13.32261 
288 131 cn54 15.03702 
288 130 cn54 14.22953 
288 103 cn54 14.62884 
288 127 cn54 15.8032 
288 244 cn57 15.02344 
288 46 cn41 14.70836 
288 90 cn53 14.74746 
288 45 cn41 14.16798 
288 32 cn41 14.46463 
288 33 cn41 13.59478 
288 180 cn55 14.93467 
288 112 cn54 14.19684 
288 246 cn57 14.84217 
288 267 cn57 15.41432 
288 195 cn56 15.85829 
288 194 cn56 14.79712 
288 219 cn56 14.53424 
288 203 cn56 14.32587 
288 214 cn56 14.2413 
288 233 cn56 14.07412 
288 18 cn41 14.96226 
288 208 cn56 13.85778 
288 39 cn41 15.78296 
288 275 cn57 15.18626 
288 277 cn57 15.73767 
288 120 cn54 14.82116 
288 254 cn57 15.06017 
288 28 cn41 13.18627 
288 106 cn54 14.19744 
288 84 cn53 16.45047 
288 24 cn41 16.24105 
288 49 cn53 15.58099 
288 258 cn57 14.5682 
288 122 cn54 12.76797 
288 161 cn55 15.27865 
288 157 cn55 13.3869 
288 160 cn55 14.67521 
288 31 cn41 13.17381 
288 257 cn57 14.53082 
288 63 cn53 14.79157 
288 71 cn53 13.58516 
288 105 cn54 16.85706 
288 123 cn54 15.67484 
288 139 cn54 13.94979 
288 252 cn57 14.95999 
288 42 cn41 13.99221 
288 2 cn41 13.16357 
288 193 cn56 14.33173 
288 40 cn41 15.04344 
288 66 cn53 14.19009 
288 77 cn53 13.86674 
288 248 cn57 14.83438 
288 117 cn54 13.21676 
288 128 cn54 14.85684 
288 114 cn54 15.71051 
288 236 cn56 13.32746 
288 188 cn55 15.55891 
288 190 cn55 16.26492 
288 260 cn57 14.0987 
288 201 cn56 11.29141 
288 96 cn54 11.87007 
288 140 cn54 15.24319 
288 202 cn56 13.80939 
288 144 cn55 15.71067 
288 100 cn54 15.37882 
288 9 cn41 13.96695 
288 25 cn41 13.10893 
288 50 cn53 15.1888 
288 228 cn56 11.45396 
288 182 cn55 15.12758 
288 116 cn54 13.25437 
288 241 cn57 14.30267 
288 147 cn55 13.37409 
288 264 cn57 16.70386 
288 205 cn56 15.40779 
288 141 cn54 12.2679 
288 146 cn55 14.83217 
288 22 cn41 15.10828 
288 44 cn41 14.8816 
288 53 cn53 13.52439 
288 119 cn54 13.10648 
288 279 cn57 15.66543 
288 85 cn53 15.16357 
288 204 cn56 15.14081 
288 91 cn53 14.24661 
288 95 cn53 14.82576 
288 20 cn41 14.7011 
288 57 cn53 12.99185 
288 35 cn41 13.95361 
288 34 cn41 13.15073 
288 83 cn53 14.77496 
288 48 cn53 13.89064 
288 98 cn54 15.96764 
288 243 cn57 13.62807 
288 70 cn53 14.50791 
288 86 cn53 13.62301 
288 89 cn53 12.27551 
288 111 cn54 13.88191 
288 261 cn57 14.99074 
288 4 cn41 13.91501 
288 108 cn54 12.54296 
288 286 cn57 14.65223 
288 7 cn41 13.7462 
288 19 cn41 14.78434 
288 15 cn41 15.00217 
288 17 cn41 16.00521 
288 220 cn56 12.73278 
288 115 cn54 13.22107 
288 262 cn57 13.71424 
288 268 cn57 13.77483 
288 52 cn53 13.87754 
288 73 cn53 14.66646 
288 142 cn54 13.73864 
288 191 cn55 13.3967 
288 38 cn41 14.18231 
288 41 cn41 13.70581 
288 234 cn56 14.04503 
288 29 cn41 18.82976 
288 26 cn41 13.81084 
288 221 cn56 14.91704 
288 256 cn57 14.05141 
288 272 cn57 14.56957 
288 30 cn41 12.61841 
288 210 cn56 15.54294 
288 13 cn41 15.61454 
288 36 cn41 13.44424 
288 12 cn41 14.30534 
288 23 cn41 13.03765 
288 67 cn53 15.12053 
288 47 cn41 13.58456 
288 16 cn41 15.22969 
288 79 cn53 12.96825 
288 37 cn41 15.3048 
288 8 cn41 13.88294 
288 43 cn41 15.19949 
288 232 cn56 13.52755 
288 225 cn56 13.31264 
288 192 cn56 13.76954 
288 6 cn41 14.66137 
288 124 cn54 14.11379 
288 76 cn53 14.27768 
288 59 cn53 14.844 
288 14 cn41 15.06646 
288 121 cn54 13.23854 
288 99 cn54 15.05714 
288 126 cn54 14.34995 
288 27 cn41 14.02544 
288 110 cn54 14.53171 
288 58 cn53 13.25849 
288 209 cn56 13.47452 
288 133 cn54 15.10367 
288 107 cn54 13.7621 
288 240 cn57 13.15317 
288 245 cn57 15.37139 
288 249 cn57 14.55117 
288 250 cn57 13.77206 
288 269 cn57 14.30153 
288 270 cn57 13.97165 
288 274 cn57 12.67303 
288 276 cn57 15.85715 
288 280 cn57 14.31331 
288 281 cn57 15.05826 
288 282 cn57 13.99224 
288 287 cn57 13.14963 
288 222 cn56 14.46103 
288 271 cn57 14.48605 
288 137 cn54 14.4759 
288 273 cn57 13.34948 
288 113 cn54 14.53571 
288 187 cn55 13.66908 
288 164 cn55 15.56832 
288 284 cn57 14.17909 
288 283 cn57 16.64501 
288 74 cn53 14.01059 
288 196 cn56 16.11448 
288 136 cn54 15.02085 
288 101 cn54 14.50865 
288 175 cn55 15.05066 
288 285 cn57 13.0668 
288 60 cn53 14.7775 
288 56 cn53 14.15649 
288 176 cn55 15.28941 
288 80 cn53 15.71386 
288 138 cn54 15.19758 
288 151 cn55 15.03536 
288 51 cn53 15.69858 
288 216 cn56 15.99776 
288 183 cn55 13.74909 
288 186 cn55 13.19006 
288 263 cn57 16.55754 
288 227 cn56 13.63171 
288 259 cn57 15.40511 
288 255 cn57 13.24645 
288 265 cn57 12.88731 
288 153 cn55 13.71208 
288 253 cn57 14.17262 
288 81 cn53 14.396 
288 148 cn55 13.83789 
288 266 cn57 13.20205 
288 158 cn55 15.05912 
288 97 cn54 14.77252 
288 104 cn54 14.16 
288 125 cn54 16.4834 
288 129 cn54 13.50613 
288 207 cn56 14.83629 
288 278 cn57 13.58404 
288 169 cn55 15.02714 
288 152 cn55 13.23048 
288 149 cn55 15.85035 
288 174 cn55 14.16615 
288 247 cn57 14.33632 
288 62 cn53 15.49325 
288 68 cn53 14.01126 
288 88 cn53 12.83434 
288 92 cn53 14.55991 
288 64 cn53 14.97407 
288 55 cn53 12.15081 
288 231 cn56 15.96598 
288 171 cn55 13.75766 
288 235 cn56 16.48219 
288 94 cn53 14.7742 
288 189 cn55 13.19001 
288 163 cn55 14.82282 
288 134 cn54 15.51069 
288 93 cn53 12.93149 
288 167 cn55 13.89146 
288 206 cn56 15.56505 
288 213 cn56 14.7965 
288 215 cn56 14.02525 
288 226 cn56 16.0023 
288 239 cn56 14.32059 
288 217 cn56 16.51597 
288 72 cn53 14.74595 
288 172 cn55 14.02525 
288 238 cn56 13.4392 
288 135 cn54 12.84835 
288 150 cn55 14.53512 
288 197 cn56 13.41394 
288 159 cn55 15.17043 
288 230 cn56 14.53402 
288 54 cn53 14.77562 
288 65 cn53 13.38241 
288 78 cn53 13.09578 
288 132 cn54 14.44429 
288 155 cn55 14.55657 
288 61 cn53 13.3552 
288 143 cn54 14.56267 
288 87 cn53 16.67568 
288 75 cn53 11.90599 
288 69 cn53 14.9522 
288 102 cn54 14.7176 
288 154 cn55 14.22695 
288 82 cn53 13.73174 
288 199 cn56 15.03479 
288 223 cn56 13.36339 
288 224 cn56 14.78384 
288 229 cn56 15.13531 
288 237 cn56 14.33296 
288 198 cn56 14.19038 
288 218 cn56 14.53404 
288 212 cn56 13.05137 
288 200 cn56 13.48275 
288 185 cn55 15.86603 
288 177 cn55 14.66453 
288 179 cn55 15.4644 
288 170 cn55 16.5139 
288 178 cn55 14.89047 
288 184 cn55 15.01 
288 173 cn55 13.62232 
288 145 cn55 13.782 
288 156 cn55 14.91623 
288 165 cn55 14.18776 
288 162 cn55 15.80629 
288 181 cn55 14.65804 
288 166 cn55 13.95956 
288 168 cn55 13.50421 
