384 170 cn56 8.012275 
Error in cat(size, rank, host, max_eigen_value, "\n") : 
  object 'max_eigen_value' not found
Execution halted
384 206 cn57 9.829662 
384 259 cn58 8.036233 
384 56 cn54 9.548445 
384 290 cn59 6.186147 
384 337 cn60 9.122906 
384 96 cn55 8.379383 
384 148 cn56 7.013496 
384 152 cn56 7.186902 
384 163 cn56 7.743567 
384 174 cn56 8.939176 
384 154 cn56 9.493473 
384 186 cn56 8.897227 
384 147 cn56 7.706823 
384 150 cn56 6.686801 
384 168 cn56 9.326495 
384 183 cn56 7.386071 
384 188 cn56 7.810235 
384 164 cn56 7.175766 
384 144 cn56 7.627763 
384 178 cn56 7.807264 
384 146 cn56 8.539403 
384 149 cn56 7.568755 
384 151 cn56 6.979684 
384 153 cn56 7.573019 
384 155 cn56 6.902842 
384 156 cn56 7.377402 
384 157 cn56 7.184033 
384 158 cn56 5.885829 
384 159 cn56 7.384362 
384 161 cn56 8.65388 
384 162 cn56 8.051356 
384 165 cn56 10.28695 
384 166 cn56 5.889239 
384 169 cn56 6.059942 
384 173 cn56 9.69966 
384 175 cn56 5.976735 
384 176 cn56 6.466442 
384 179 cn56 9.425752 
384 180 cn56 7.088475 
384 181 cn56 8.02934 
384 182 cn56 8.602382 
384 187 cn56 8.018193 
384 189 cn56 8.207514 
384 190 cn56 6.444325 
384 191 cn56 6.588463 
384 145 cn56 9.135024 
384 167 cn56 7.617667 
384 172 cn56 9.180529 
384 185 cn56 5.226834 
384 171 cn56 6.532166 
384 177 cn56 6.686248 
384 160 cn56 7.270676 
384 184 cn56 10.50597 
384 3 cn53 8.82434 
384 20 cn53 7.141272 
384 31 cn53 8.793281 
384 36 cn53 8.167789 
384 27 cn53 6.792966 
384 34 cn53 7.226401 
384 4 cn53 7.856968 
384 9 cn53 6.631479 
384 14 cn53 6.180244 
384 16 cn53 7.272553 
384 22 cn53 8.365018 
384 5 cn53 7.956467 
384 42 cn53 10.48057 
384 2 cn53 8.245652 
384 28 cn53 6.997198 
384 39 cn53 8.894862 
384 8 cn53 6.647782 
384 12 cn53 6.952191 
384 278 cn58 6.175529 
384 37 cn53 9.204196 
384 215 cn57 7.559465 
384 245 cn58 9.831945 
384 43 cn53 10.3464 
384 231 cn57 7.318595 
384 255 cn58 7.238193 
384 6 cn53 8.459626 
384 232 cn57 6.574467 
384 272 cn58 7.625657 
384 11 cn53 8.103984 
384 209 cn57 9.937369 
384 270 cn58 7.500058 
384 17 cn53 7.475385 
384 212 cn57 6.186184 
384 240 cn58 5.533894 
384 23 cn53 7.689668 
384 233 cn57 5.113003 
384 250 cn58 6.5868 
384 24 cn53 6.014787 
384 236 cn57 9.488246 
384 252 cn58 7.192237 
384 25 cn53 8.127432 
384 217 cn57 7.641474 
384 256 cn58 5.099637 
384 30 cn53 7.63045 
384 219 cn57 6.271804 
384 258 cn58 8.946198 
384 32 cn53 8.792112 
384 228 cn57 10.25433 
384 264 cn58 6.828686 
384 33 cn53 7.597995 
384 207 cn57 4.553642 
384 269 cn58 8.056034 
384 38 cn53 6.525186 
384 210 cn57 5.59149 
384 271 cn58 8.111021 
384 41 cn53 8.01205 
384 239 cn57 8.024675 
384 273 cn58 9.988505 
384 45 cn53 5.443503 
384 205 cn57 6.481965 
384 274 cn58 7.493883 
384 47 cn53 8.33761 
384 237 cn57 6.406389 
384 275 cn58 7.824324 
384 44 cn53 7.319939 
384 203 cn57 8.469706 
384 280 cn58 8.031882 
384 18 cn53 5.726996 
384 225 cn57 8.265503 
384 285 cn58 6.534146 
384 13 cn53 7.796575 
384 218 cn57 6.26941 
384 243 cn58 5.982209 
384 40 cn53 5.334077 
384 208 cn57 10.68895 
384 244 cn58 7.183517 
384 35 cn53 6.102838 
384 214 cn57 9.126279 
384 248 cn58 6.823276 
384 15 cn53 6.496535 
384 198 cn57 5.957141 
384 262 cn58 7.189555 
384 10 cn53 6.718914 
384 226 cn57 6.66534 
384 277 cn58 6.56261 
384 21 cn53 6.060497 
384 201 cn57 7.764156 
384 242 cn58 10.27515 
384 29 cn53 7.085307 
384 194 cn57 9.18613 
384 263 cn58 9.661916 
384 7 cn53 7.927319 
384 195 cn57 6.762808 
384 267 cn58 7.346165 
384 19 cn53 6.713987 
384 234 cn57 9.634536 
384 260 cn58 6.215431 
384 1 cn53 8.23643 
384 223 cn57 6.608422 
384 284 cn58 7.29373 
384 46 cn53 10.84536 
384 227 cn57 10.02188 
384 241 cn58 10.31697 
384 26 cn53 6.39207 
384 221 cn57 6.555591 
384 246 cn58 6.416021 
384 211 cn57 8.21863 
384 247 cn58 6.687986 
384 213 cn57 5.778004 
384 253 cn58 6.438291 
384 204 cn57 7.61036 
384 257 cn58 7.90982 
384 220 cn57 7.267012 
384 276 cn58 8.194356 
384 199 cn57 5.055165 
384 281 cn58 6.776236 
384 196 cn57 6.379604 
384 286 cn58 5.200568 
384 202 cn57 7.711056 
384 266 cn58 5.82177 
384 216 cn57 7.365049 
384 279 cn58 8.977646 
384 222 cn57 7.560049 
384 254 cn58 8.302813 
384 238 cn57 5.464004 
384 268 cn58 7.010345 
384 197 cn57 6.971124 
384 287 cn58 7.411106 
384 193 cn57 7.396603 
384 265 cn58 6.153118 
384 235 cn57 7.402921 
384 251 cn58 7.407393 
384 230 cn57 7.971709 
384 282 cn58 7.044161 
384 224 cn57 7.439253 
384 261 cn58 5.660921 
384 200 cn57 7.286345 
384 283 cn58 7.106556 
384 229 cn57 8.50807 
384 249 cn58 8.31672 
384 192 cn57 6.957836 
384 340 cn60 7.333144 
384 351 cn60 6.834221 
384 361 cn60 7.609024 
384 293 cn59 8.17555 
384 355 cn60 7.69901 
384 296 cn59 8.123733 
384 357 cn60 8.576972 
384 299 cn59 7.180835 
384 366 cn60 8.015712 
384 300 cn59 7.820222 
384 373 cn60 7.368778 
384 302 cn59 8.826732 
384 336 cn60 6.957658 
384 304 cn59 7.986604 
384 346 cn60 6.485326 
384 305 cn59 5.916302 
384 369 cn60 5.162428 
384 307 cn59 5.572201 
384 341 cn60 7.049344 
384 308 cn59 9.845666 
384 342 cn60 7.725757 
384 309 cn59 6.820968 
384 343 cn60 6.634463 
384 310 cn59 6.796499 
384 350 cn60 7.078634 
384 311 cn59 6.731306 
384 360 cn60 8.33435 
384 314 cn59 6.236572 
384 362 cn60 5.685103 
384 315 cn59 6.281687 
384 375 cn60 7.721952 
384 317 cn59 8.686249 
384 376 cn60 7.578625 
384 322 cn59 8.497009 
384 383 cn60 7.455394 
384 325 cn59 6.884162 
384 370 cn60 6.693429 
384 326 cn59 7.469136 
384 378 cn60 6.72874 
384 327 cn59 5.013431 
384 382 cn60 6.782104 
384 330 cn59 5.00416 
384 338 cn60 8.978408 
384 333 cn59 6.92007 
384 339 cn60 7.388992 
384 334 cn59 8.297405 
384 377 cn60 7.349848 
384 335 cn59 5.805431 
384 353 cn60 7.459514 
384 294 cn59 8.23356 
384 349 cn60 8.458837 
384 331 cn59 6.621068 
384 352 cn60 7.861044 
384 329 cn59 6.586215 
384 356 cn60 6.426904 
384 288 cn59 6.82276 
384 371 cn60 8.840767 
384 295 cn59 6.619059 
384 379 cn60 8.081244 
384 303 cn59 7.601254 
384 381 cn60 7.384763 
384 312 cn59 7.076269 
384 358 cn60 6.973975 
384 318 cn59 8.305986 
384 367 cn60 6.823196 
384 320 cn59 8.087593 
384 359 cn60 8.619479 
384 324 cn59 8.974107 
384 368 cn60 7.699221 
384 319 cn59 10.60762 
384 374 cn60 7.637765 
384 328 cn59 8.961741 
384 364 cn60 8.772142 
384 289 cn59 9.959275 
384 365 cn60 7.808647 
384 297 cn59 10.3975 
384 347 cn60 7.499112 
384 323 cn59 7.305413 
384 363 cn60 5.408477 
384 291 cn59 6.758218 
384 344 cn60 9.455151 
384 301 cn59 7.371728 
384 354 cn60 7.273864 
384 316 cn59 5.813706 
384 372 cn60 8.389273 
384 313 cn59 9.22469 
384 348 cn60 8.985211 
384 298 cn59 7.812466 
384 345 cn60 6.687809 
384 332 cn59 7.156988 
384 380 cn60 5.88125 
384 292 cn59 9.729384 
384 306 cn59 8.06203 
384 321 cn59 6.785638 
384 94 cn54 6.140584 
384 59 cn54 6.687986 
384 72 cn54 5.387669 
384 84 cn54 6.466798 
384 87 cn54 6.924066 
384 95 cn54 8.001076 
384 54 cn54 5.520329 
384 86 cn54 6.280465 
384 49 cn54 9.368086 
384 52 cn54 8.974335 
384 88 cn54 8.08874 
384 53 cn54 5.351061 
384 64 cn54 6.905434 
384 71 cn54 9.708874 
384 65 cn54 8.802624 
384 68 cn54 7.827539 
384 93 cn54 8.547329 
384 57 cn54 6.272683 
384 67 cn54 6.340452 
384 91 cn54 7.804583 
384 73 cn54 7.250684 
384 90 cn54 7.34891 
384 51 cn54 6.744247 
384 70 cn54 9.15886 
384 85 cn54 8.457973 
384 63 cn54 8.60461 
384 66 cn54 6.154633 
384 61 cn54 8.534065 
384 55 cn54 8.261784 
384 78 cn54 7.219276 
384 75 cn54 8.335716 
384 77 cn54 8.324946 
384 80 cn54 7.443444 
384 89 cn54 9.041365 
384 92 cn54 7.815316 
384 83 cn54 7.078686 
384 79 cn54 8.671417 
384 58 cn54 6.469 
384 48 cn54 7.607282 
384 82 cn54 6.825409 
384 50 cn54 5.536511 
384 60 cn54 8.724823 
384 74 cn54 6.691589 
384 62 cn54 5.979864 
384 69 cn54 7.631052 
384 76 cn54 7.168675 
384 81 cn54 7.155539 
384 117 cn55 7.898816 
384 121 cn55 4.763527 
384 103 cn55 6.020274 
384 119 cn55 5.731029 
384 97 cn55 7.952955 
384 115 cn55 7.505893 
384 101 cn55 6.988256 
384 107 cn55 6.044413 
384 116 cn55 9.072017 
384 100 cn55 7.062068 
384 99 cn55 7.856766 
384 102 cn55 10.00405 
384 111 cn55 9.551377 
384 127 cn55 7.767587 
384 128 cn55 7.545181 
384 142 cn55 6.886774 
384 126 cn55 6.684092 
384 143 cn55 8.78331 
384 133 cn55 7.990217 
384 129 cn55 5.093766 
384 139 cn55 7.280025 
384 123 cn55 7.421902 
384 118 cn55 9.357505 
384 113 cn55 6.940753 
384 122 cn55 7.294454 
384 112 cn55 7.264612 
384 105 cn55 6.655336 
384 106 cn55 9.481751 
384 125 cn55 6.395363 
384 141 cn55 9.180513 
384 137 cn55 8.334096 
384 120 cn55 6.739486 
384 132 cn55 7.91934 
384 140 cn55 7.405215 
384 136 cn55 10.83198 
384 114 cn55 11.19743 
384 98 cn55 7.245266 
384 130 cn55 7.98985 
384 134 cn55 9.4226 
384 138 cn55 7.569618 
384 104 cn55 4.93294 
384 135 cn55 5.687145 
384 131 cn55 8.51018 
384 108 cn55 7.239727 
384 110 cn55 8.717185 
384 109 cn55 7.935707 
384 124 cn55 8.278451 
srun: error: cn53: task 0: Exited with exit code 1
