[1] "size rank host max_eigen_value"
[1] "384 0 cn53 NaN"
[1] "384 57 cn54 6.58022976117705"
[1] "384 119 cn55 6.86402938662597"
[1] "384 174 cn56 5.70561931022843"
[1] "384 197 cn57 7.77772725075222"
[1] "384 252 cn58 7.09233988155048"
[1] "384 336 cn60 7.47888376512717"
384 336 cn60 7.478884 
[1] "384 290 cn59 7.16001185479487"
384 290 cn59 7.160012 
[1] "384 16 cn53 5.81265890015078"
[1] "384 5 cn53 5.88997645905648"
384 16 cn53 5.812659 
[1] "384 36 cn53 5.9506397716741"
[1] "384 33 cn53 7.35264818671888"
384 5 cn53 5.889976 
384 36 cn53 5.95064 
[1] "384 43 cn53 6.3920518842114"
384 33 cn53 7.352648 
[1] "384 10 cn53 7.2945880088063"
384 43 cn53 6.392052 
384 10 cn53 7.294588 
[1] "384 34 cn53 7.84983843367902"
[1] "384 18 cn53 9.35528458498461"
[1] "384 3 cn53 9.63222340392488"
384 34 cn53 7.849838 
[1] "384 23 cn53 7.72431818614222"
[1] "384 25 cn53 7.29106816603538"
[1] "384 47 cn53 7.95600152444943"
384 18 cn53 9.355285 
384 3 cn53 9.632223 
384 23 cn53 7.724318 
[1] "384 12 cn53 7.27853092521656"
384 25 cn53 7.291068 
384 47 cn53 7.956002 
384 12 cn53 7.278531 
[1] "384 24 cn53 6.83099911536445"
[1] "384 32 cn53 7.37721456254919"
[1] "384 35 cn53 8.58182981791905"
384 24 cn53 6.830999 
384 32 cn53 7.377215 
384 35 cn53 8.58183 
[1] "384 21 cn53 5.36134394885374"
[1] "384 15 cn53 9.56272213151639"
384 21 cn53 5.361344 
[1] "384 46 cn53 7.13115156674212"
[1] "384 1 cn53 5.82384802236086"
384 15 cn53 9.562722 
[1] "384 19 cn53 7.27577632566682"
[1] "384 22 cn53 6.83759767164723"
[1] "384 39 cn53 8.39190628473989"
384 1 cn53 5.823848 
384 46 cn53 7.131152 
384 22 cn53 6.837598 
384 19 cn53 7.275776 
384 39 cn53 8.391906 
[1] "384 7 cn53 9.3146006343411"
[1] "384 44 cn53 9.85141546731998"
384 44 cn53 9.851415 
384 7 cn53 9.314601 
[1] "384 9 cn53 6.41617108932309"
[1] "384 2 cn53 6.4861256002286"
[1] "384 26 cn53 9.45987405541825"
[1] "384 37 cn53 7.89624262394194"
[1] "384 28 cn53 7.76780597146702"
384 9 cn53 6.416171 
384 37 cn53 7.896243 
384 2 cn53 6.486126 
384 26 cn53 9.459874 
[1] "384 27 cn53 7.79507181679686"
384 28 cn53 7.767806 
[1] "384 45 cn53 7.86816705598274"
[1] "384 11 cn53 7.65397191993746"
384 45 cn53 7.868167 
384 27 cn53 7.795072 
[1] "384 42 cn53 7.20354369617976"
[1] "384 40 cn53 8.04048453744068"
384 11 cn53 7.653972 
384 42 cn53 7.203544 
384 40 cn53 8.040485 
[1] "384 14 cn53 8.26893883390785"
384 14 cn53 8.268939 
[1] "384 30 cn53 7.87102289420509"
[1] "384 41 cn53 6.39435573507669"
384 30 cn53 7.871023 
[1] "384 6 cn53 7.45947847053246"
384 6 cn53 7.459478 
[1] "384 8 cn53 7.9896021095477"
384 8 cn53 7.989602 
[1] "384 13 cn53 6.54125099109991"
384 13 cn53 6.541251 
[1] "384 31 cn53 8.4334901188048"
384 31 cn53 8.43349 
384 41 cn53 6.394356 
[1] "384 29 cn53 8.07164543811378"
384 29 cn53 8.071645 
[1] "384 20 cn53 6.77432052044238"
384 20 cn53 6.774321 
[1] "384 4 cn53 8.55046020003258"
384 4 cn53 8.55046 
[1] "384 17 cn53 9.66986092167486"
384 17 cn53 9.669861 
[1] "384 38 cn53 10.4342590734007"
384 38 cn53 10.43426 
[1] "384 101 cn55 8.12312709549237"
384 101 cn55 8.123127 
[1] "384 107 cn55 8.03632113452241"
384 107 cn55 8.036321 
384 119 cn55 6.864029 
[1] "384 87 cn54 8.71326020875066"
384 87 cn54 8.71326 
[1] "384 133 cn55 7.3153802064312"
384 133 cn55 7.31538 
384 57 cn54 6.58023 
[1] "384 99 cn55 8.41308285015078"
[1] "384 83 cn54 8.14333624420247"
[1] "384 102 cn55 9.529975669849"
[1] "384 56 cn54 6.19139385302993"
[1] "384 131 cn55 6.22850045681726"
[1] "384 60 cn54 6.09528103611209"
384 131 cn55 6.2285 
[1] "384 50 cn54 6.45349295578226"
[1] "384 141 cn55 6.45551040293296"
384 56 cn54 6.191394 
384 99 cn55 8.413083 
384 60 cn54 6.095281 
384 102 cn55 9.529976 
384 83 cn54 8.143336 
[1] "384 110 cn55 8.31715750129802"
384 50 cn54 6.453493 
[1] "384 112 cn55 9.95366291625993"
[1] "384 85 cn54 9.56966106730623"
[1] "384 139 cn55 5.84668626094456"
[1] "384 71 cn54 7.14346239898932"
384 141 cn55 6.45551 
[1] "384 52 cn54 7.96183091907522"
[1] "384 142 cn55 9.64171864233135"
384 85 cn54 9.569661 
384 112 cn55 9.953663 
[1] "384 90 cn54 6.22589755526717"
384 139 cn55 5.846686 
[1] "384 70 cn54 7.57627268411045"
384 110 cn55 8.317158 
384 71 cn54 7.143462 
[1] "384 109 cn55 9.37396879653271"
384 90 cn54 6.225898 
384 142 cn55 9.641719 
384 52 cn54 7.961831 
[1] "384 122 cn55 9.75437756598138"
384 70 cn54 7.576273 
[1] "384 125 cn55 7.4613566383389"
[1] "384 61 cn54 6.66374606115883"
384 109 cn55 9.373969 
[1] "384 86 cn54 8.44994880453511"
[1] "384 130 cn55 8.167748347964"
[1] "384 75 cn54 7.08383364643164"
384 122 cn55 9.754378 
384 61 cn54 6.663746 
384 125 cn55 7.461357 
[1] "384 77 cn54 7.66655424912616"
384 130 cn55 8.167748 
[1] "384 94 cn54 7.62887743727078"
[1] "384 97 cn55 7.44180181577108"
384 97 cn55 7.441802 
[1] "384 80 cn54 8.60226462758959"
[1] "384 98 cn55 6.38453414880552"
384 98 cn55 6.384534 
384 86 cn54 8.449949 
[1] "384 100 cn55 8.16314210038249"
384 100 cn55 8.163142 
384 75 cn54 7.083834 
[1] "384 115 cn55 6.43600517501178"
384 115 cn55 6.436005 
384 77 cn54 7.666554 
[1] "384 116 cn55 7.4372326597987"
384 116 cn55 7.437233 
384 94 cn54 7.628877 
[1] "384 120 cn55 6.60818037588707"
384 120 cn55 6.60818 
[1] "384 59 cn54 7.90569396581278"
[1] "384 129 cn55 8.06131001595471"
384 129 cn55 8.06131 
[1] "384 62 cn54 9.00773536520877"
[1] "384 136 cn55 6.16269872479665"
384 136 cn55 6.162699 
384 80 cn54 8.602265 
[1] "384 137 cn55 8.26641008125545"
384 137 cn55 8.26641 
[1] "384 51 cn54 6.43574315738654"
[1] "384 140 cn55 7.4722302583911"
384 140 cn55 7.47223 
[1] "384 67 cn54 8.68502744290217"
[1] "384 128 cn55 7.28148086911849"
384 128 cn55 7.281481 
384 59 cn54 7.905694 
[1] "384 113 cn55 7.5522643135852"
384 51 cn54 6.435743 
[1] "384 127 cn55 8.45678351447729"
384 62 cn54 9.007735 
[1] "384 105 cn55 6.44705944223277"
384 67 cn54 8.685027 
384 113 cn55 7.552264 
[1] "384 76 cn54 6.01634542799947"
384 127 cn55 8.456784 
[1] "384 53 cn54 7.8471105445346"
[1] "384 96 cn55 6.86576036995302"
384 96 cn55 6.86576 
384 76 cn54 6.016345 
384 105 cn55 6.447059 
384 53 cn54 7.847111 
[1] "384 111 cn55 8.79041777508871"
[1] "384 54 cn54 6.08614325407961"
[1] "384 114 cn55 8.12391341670522"
384 114 cn55 8.123913 
[1] "384 74 cn54 5.78096945366552"
[1] "384 121 cn55 7.96428583502932"
384 121 cn55 7.964286 
384 54 cn54 6.086143 
[1] "384 126 cn55 6.32340773576933"
384 126 cn55 6.323408 
384 74 cn54 5.780969 
[1] "384 134 cn55 6.89933828741989"
[1] "384 49 cn54 10.087636028279"
[1] "384 138 cn55 5.82620027965429"
384 138 cn55 5.8262 
[1] "384 73 cn54 7.8337668629192"
384 111 cn55 8.790418 
[1] "384 93 cn54 6.02925543971547"
[1] "384 123 cn55 6.68288646503211"
[1] "384 48 cn54 7.10852291225678"
384 134 cn55 6.899338 
384 49 cn54 10.08764 
384 123 cn55 6.682886 
384 73 cn54 7.833767 
[1] "384 108 cn55 7.58276547297972"
[1] "384 68 cn54 7.43925292243146"
[1] "384 106 cn55 9.38799140530055"
384 48 cn54 7.108523 
[1] "384 103 cn55 5.58438199006812"
384 93 cn54 6.029255 
384 108 cn55 7.582765 
[1] "384 55 cn54 5.92158588291267"
384 103 cn55 5.584382 
384 68 cn54 7.439253 
384 106 cn55 9.387991 
384 55 cn54 5.921586 
[1] "384 132 cn55 8.38402159690484"
[1] "384 88 cn54 7.33534355252301"
[1] "384 104 cn55 6.83251600826995"
384 104 cn55 6.832516 
384 88 cn54 7.335344 
[1] "384 124 cn55 8.98623634474344"
384 124 cn55 8.986236 
[1] "384 65 cn54 9.92930663151267"
384 132 cn55 8.384022 
384 65 cn54 9.929307 
[1] "384 143 cn55 8.42243242733835"
384 143 cn55 8.422432 
[1] "384 91 cn54 8.4077716407381"
[1] "384 117 cn55 7.2936519403385"
384 91 cn54 8.407772 
[1] "384 118 cn55 7.96298235639639"
[1] "384 82 cn54 6.78520241347191"
384 117 cn55 7.293652 
384 82 cn54 6.785202 
384 118 cn55 7.962982 
[1] "384 64 cn54 8.96654965518173"
[1] "384 135 cn55 6.26362433059524"
[1] "384 84 cn54 7.19461887270124"
384 135 cn55 6.263624 
384 64 cn54 8.96655 
[1] "384 78 cn54 5.24700540400438"
384 78 cn54 5.247005 
384 84 cn54 7.194619 
[1] "384 69 cn54 7.3692958851316"
[1] "384 95 cn54 7.23307833117636"
[1] "384 58 cn54 8.97468926401162"
[1] "384 66 cn54 8.67680888432282"
384 69 cn54 7.369296 
384 66 cn54 8.676809 
[1] "384 92 cn54 5.09137820613174"
384 95 cn54 7.233078 
384 58 cn54 8.974689 
384 92 cn54 5.091378 
[1] "384 72 cn54 6.31329528713914"
[1] "384 89 cn54 7.85838239742668"
384 89 cn54 7.858382 
384 72 cn54 6.313295 
[1] "384 79 cn54 6.94729639386685"
[1] "384 81 cn54 9.50134967916351"
384 79 cn54 6.947296 
384 81 cn54 9.50135 
[1] "384 63 cn54 8.16622784405777"
384 63 cn54 8.166228 
[1] "384 146 cn56 6.40707685556806"
384 174 cn56 5.705619 
[1] "384 175 cn56 6.38676286708883"
384 175 cn56 6.386763 
[1] "384 178 cn56 7.60131121095073"
384 146 cn56 6.407077 
[1] "384 171 cn56 7.35459405537262"
384 178 cn56 7.601311 
[1] "384 153 cn56 7.10743587433693"
384 171 cn56 7.354594 
[1] "384 165 cn56 5.56871000269713"
384 153 cn56 7.107436 
[1] "384 188 cn56 7.42466711744796"
384 165 cn56 5.56871 
384 188 cn56 7.424667 
[1] "384 144 cn56 7.51499264083914"
384 144 cn56 7.514993 
[1] "384 145 cn56 4.70086247639072"
384 145 cn56 4.700862 
[1] "384 152 cn56 10.1880235706443"
384 152 cn56 10.18802 
[1] "384 155 cn56 8.86207352953783"
384 155 cn56 8.862074 
[1] "384 156 cn56 8.27745005786061"
384 156 cn56 8.27745 
[1] "384 160 cn56 7.76784908597526"
[1] "384 164 cn56 8.25369902062752"
384 164 cn56 8.253699 
[1] "384 173 cn56 9.05473167221303"
384 173 cn56 9.054732 
[1] "384 177 cn56 6.71793034542745"
384 177 cn56 6.71793 
[1] "384 179 cn56 4.7317468021263"
384 179 cn56 4.731747 
[1] "384 185 cn56 6.80185102184302"
384 185 cn56 6.801851 
[1] "384 187 cn56 6.61996082269245"
384 187 cn56 6.619961 
[1] "384 190 cn56 8.54026926173112"
384 190 cn56 8.540269 
[1] "384 147 cn56 8.16233394920702"
[1] "384 159 cn56 5.42582207614589"
384 160 cn56 7.767849 
[1] "384 169 cn56 8.39263007281377"
[1] "384 170 cn56 8.63798573322418"
[1] "384 181 cn56 7.13822260915244"
[1] "384 182 cn56 7.49439298682577"
384 182 cn56 7.494393 
384 147 cn56 8.162334 
[1] "384 148 cn56 7.29867072012761"
[1] "384 158 cn56 5.89494043877007"
384 159 cn56 5.425822 
384 181 cn56 7.138223 
384 170 cn56 8.637986 
384 169 cn56 8.39263 
384 158 cn56 5.89494 
384 148 cn56 7.298671 
[1] "384 166 cn56 7.66999810577475"
[1] "384 191 cn56 6.86862807614044"
384 166 cn56 7.669998 
[1] "384 149 cn56 7.67182498189498"
384 191 cn56 6.868628 
384 149 cn56 7.671825 
[1] "384 151 cn56 7.26993527444644"
384 151 cn56 7.269935 
[1] "384 154 cn56 6.45756117422353"
384 154 cn56 6.457561 
[1] "384 157 cn56 7.20716841404247"
384 157 cn56 7.207168 
[1] "384 172 cn56 7.56688991908738"
384 172 cn56 7.56689 
[1] "384 186 cn56 7.49612008309105"
384 186 cn56 7.49612 
[1] "384 183 cn56 8.65964361897859"
[1] "384 180 cn56 6.99714418589289"
384 183 cn56 8.659644 
[1] "384 150 cn56 7.00737750761716"
384 180 cn56 6.997144 
384 150 cn56 7.007378 
[1] "384 163 cn56 9.58665883537958"
[1] "384 168 cn56 7.75754981750162"
384 163 cn56 9.586659 
384 168 cn56 7.75755 
[1] "384 184 cn56 4.96383265281279"
384 184 cn56 4.963833 
[1] "384 162 cn56 8.48683015232285"
384 162 cn56 8.48683 
[1] "384 161 cn56 6.0000997355456"
384 161 cn56 6.0001 
[1] "384 167 cn56 7.74227297451654"
384 167 cn56 7.742273 
[1] "384 189 cn56 5.53045826712787"
384 189 cn56 5.530458 
[1] "384 176 cn56 7.44253978202816"
384 176 cn56 7.44254 
[1] "384 198 cn57 8.86126392017941"
384 198 cn57 8.861264 
[1] "384 201 cn57 10.3487871825707"
384 201 cn57 10.34879 
[1] "384 204 cn57 8.75357484413816"
384 204 cn57 8.753575 
[1] "384 206 cn57 6.01427998670004"
384 206 cn57 6.01428 
[1] "384 208 cn57 7.3765456335934"
384 208 cn57 7.376546 
[1] "384 209 cn57 8.34959411402315"
384 209 cn57 8.349594 
[1] "384 216 cn57 8.43084545496769"
384 216 cn57 8.430845 
[1] "384 217 cn57 8.36474297040216"
384 217 cn57 8.364743 
[1] "384 226 cn57 8.41365551339116"
384 226 cn57 8.413656 
[1] "384 227 cn57 10.0417306491933"
384 227 cn57 10.04173 
[1] "384 229 cn57 7.3944806381765"
384 229 cn57 7.394481 
[1] "384 230 cn57 7.18046599919771"
384 230 cn57 7.180466 
[1] "384 236 cn57 6.06201873819134"
384 236 cn57 6.062019 
[1] "384 193 cn57 9.24857542845846"
384 193 cn57 9.248575 
[1] "384 194 cn57 6.60751771215588"
384 194 cn57 6.607518 
[1] "384 195 cn57 8.12298305267531"
384 195 cn57 8.122983 
384 197 cn57 7.777727 
[1] "384 200 cn57 7.558127831683"
[1] "384 238 cn57 9.57119467317042"
384 238 cn57 9.571195 
384 200 cn57 7.558128 
[1] "384 228 cn57 8.466035087868"
[1] "384 235 cn57 6.74445768666925"
384 228 cn57 8.466035 
[1] "384 233 cn57 5.73666034190245"
384 235 cn57 6.744458 
[1] "384 207 cn57 7.38478135807546"
[1] "384 223 cn57 6.27311447753868"
[1] "384 219 cn57 6.69520534438246"
384 207 cn57 7.384781 
384 223 cn57 6.273114 
384 233 cn57 5.73666 
384 219 cn57 6.695205 
[1] "384 220 cn57 7.24726342057145"
384 220 cn57 7.247263 
[1] "384 232 cn57 6.55894022740059"
384 232 cn57 6.55894 
[1] "384 218 cn57 8.97996574622241"
[1] "384 231 cn57 6.90342465922903"
384 218 cn57 8.979966 
384 231 cn57 6.903425 
[1] "384 203 cn57 8.26545850833931"
[1] "384 196 cn57 7.01129863687032"
384 203 cn57 8.265459 
384 196 cn57 7.011299 
[1] "384 237 cn57 8.73619138539045"
384 237 cn57 8.736191 
[1] "384 213 cn57 7.09554700167554"
384 213 cn57 7.095547 
[1] "384 192 cn57 7.91742939785734"
[1] "384 215 cn57 8.16055611764706"
[1] "384 211 cn57 9.09703793687575"
384 192 cn57 7.917429 
384 215 cn57 8.160556 
384 211 cn57 9.097038 
[1] "384 234 cn57 5.24827864700846"
[1] "384 224 cn57 6.79458595978487"
[1] "384 239 cn57 8.95065873098597"
384 234 cn57 5.248279 
384 224 cn57 6.794586 
384 239 cn57 8.950659 
[1] "384 221 cn57 8.30742034027549"
384 221 cn57 8.30742 
[1] "384 210 cn57 9.12000552928816"
384 210 cn57 9.120006 
[1] "384 212 cn57 8.89876888851533"
384 212 cn57 8.898769 
[1] "384 222 cn57 8.45668000328878"
[1] "384 202 cn57 6.41265762957088"
[1] "384 205 cn57 5.67757624911672"
384 222 cn57 8.45668 
384 202 cn57 6.412658 
384 205 cn57 5.677576 
[1] "384 225 cn57 9.26636039826709"
384 225 cn57 9.26636 
[1] "384 199 cn57 7.47239635577679"
384 199 cn57 7.472396 
[1] "384 214 cn57 7.29042833683907"
384 214 cn57 7.290428 
[1] "384 264 cn58 6.84485320000748"
[1] "384 242 cn58 6.80382897082707"
[1] "384 246 cn58 8.83952586501893"
384 246 cn58 8.839526 
[1] "384 250 cn58 5.96185691791859"
384 252 cn58 7.09234 
[1] "384 253 cn58 8.09574219947651"
[1] "384 254 cn58 6.50782089228825"
384 254 cn58 6.507821 
[1] "384 255 cn58 7.02383444136968"
[1] "384 258 cn58 8.32632875715723"
384 258 cn58 8.326329 
[1] "384 261 cn58 7.98419832198077"
384 261 cn58 7.984198 
384 264 cn58 6.844853 
[1] "384 273 cn58 5.61524135624919"
384 273 cn58 5.615241 
[1] "384 279 cn58 9.76776864311921"
[1] "384 281 cn58 5.1158121058805"
384 281 cn58 5.115812 
[1] "384 284 cn58 10.5892927742212"
384 284 cn58 10.58929 
[1] "384 286 cn58 5.5454583761168"
384 286 cn58 5.545458 
384 242 cn58 6.803829 
[1] "384 243 cn58 8.41144151086207"
[1] "384 247 cn58 8.38835751746365"
384 250 cn58 5.961857 
384 253 cn58 8.095742 
384 255 cn58 7.023834 
[1] "384 260 cn58 6.82236841074279"
384 260 cn58 6.822368 
384 279 cn58 9.767769 
384 243 cn58 8.411442 
384 247 cn58 8.388358 
[1] "384 257 cn58 6.38126724378904"
[1] "384 248 cn58 8.12461076378699"
384 257 cn58 6.381267 
384 248 cn58 8.124611 
[1] "384 244 cn58 6.18248970117928"
384 244 cn58 6.18249 
[1] "384 241 cn58 7.20523034873019"
[1] "384 245 cn58 7.7252254151623"
384 245 cn58 7.725225 
[1] "384 249 cn58 9.45605485339028"
384 249 cn58 9.456055 
[1] "384 259 cn58 6.18689553785778"
384 259 cn58 6.186896 
[1] "384 262 cn58 8.83952586501893"
384 262 cn58 8.839526 
[1] "384 265 cn58 6.54966240703118"
384 265 cn58 6.549662 
[1] "384 267 cn58 5.49729286725078"
384 267 cn58 5.497293 
[1] "384 272 cn58 8.16938362247561"
384 272 cn58 8.169384 
[1] "384 275 cn58 5.94756733044683"
384 275 cn58 5.947567 
[1] "384 276 cn58 7.9061711669709"
384 276 cn58 7.906171 
[1] "384 277 cn58 8.51864550854608"
384 277 cn58 8.518646 
[1] "384 278 cn58 9.09269907697979"
384 278 cn58 9.092699 
[1] "384 280 cn58 8.74181785944819"
384 280 cn58 8.741818 
[1] "384 282 cn58 6.73938692496121"
384 282 cn58 6.739387 
[1] "384 285 cn58 10.1053745302953"
384 285 cn58 10.10537 
[1] "384 287 cn58 8.53146613888171"
384 287 cn58 8.531466 
[1] "384 240 cn58 7.78624641573651"
384 241 cn58 7.20523 
384 240 cn58 7.786246 
[1] "384 269 cn58 6.66736979933881"
[1] "384 270 cn58 7.85020821768414"
384 269 cn58 6.66737 
[1] "384 271 cn58 6.6061746157573"
384 270 cn58 7.850208 
384 271 cn58 6.606175 
[1] "384 283 cn58 6.48126116513611"
384 283 cn58 6.481261 
[1] "384 274 cn58 9.7584225939363"
384 274 cn58 9.758423 
[1] "384 251 cn58 7.40205606022671"
384 251 cn58 7.402056 
[1] "384 263 cn58 7.84674242548939"
384 263 cn58 7.846742 
[1] "384 268 cn58 5.67334595969445"
384 268 cn58 5.673346 
[1] "384 266 cn58 8.27062650226889"
384 266 cn58 8.270627 
[1] "384 256 cn58 8.38708074128909"
384 256 cn58 8.387081 
[1] "384 292 cn59 8.35246421252005"
384 292 cn59 8.352464 
[1] "384 295 cn59 8.56289297441918"
384 295 cn59 8.562893 
[1] "384 296 cn59 7.17733520500761"
384 296 cn59 7.177335 
[1] "384 299 cn59 8.74712621759192"
384 299 cn59 8.747126 
[1] "384 338 cn60 8.51000385238039"
384 338 cn60 8.510004 
[1] "384 308 cn59 4.65149915964238"
384 308 cn59 4.651499 
[1] "384 339 cn60 9.39297122335519"
384 339 cn60 9.392971 
[1] "384 313 cn59 7.82892374185621"
384 313 cn59 7.828924 
[1] "384 342 cn60 9.58110875381656"
384 342 cn60 9.581109 
[1] "384 314 cn59 8.68850773518438"
384 314 cn59 8.688508 
[1] "384 343 cn60 7.23065895660978"
384 343 cn60 7.230659 
[1] "384 315 cn59 7.07596013172363"
384 315 cn59 7.07596 
[1] "384 344 cn60 9.02263864458924"
384 344 cn60 9.022639 
[1] "384 316 cn59 8.13855747505324"
384 316 cn59 8.138557 
[1] "384 345 cn60 6.77795850726691"
384 345 cn60 6.777959 
[1] "384 321 cn59 10.2633249234683"
384 321 cn59 10.26332 
[1] "384 346 cn60 6.50137175018434"
384 346 cn60 6.501372 
[1] "384 328 cn59 7.08996792696609"
384 328 cn59 7.089968 
[1] "384 347 cn60 8.24097291618875"
384 347 cn60 8.240973 
[1] "384 333 cn59 7.9886804789226"
384 333 cn59 7.98868 
[1] "384 348 cn60 7.67929219754349"
384 348 cn60 7.679292 
[1] "384 309 cn59 6.77907984221964"
384 309 cn59 6.77908 
[1] "384 351 cn60 7.7322317477172"
384 351 cn60 7.732232 
[1] "384 300 cn59 4.62928480030704"
[1] "384 352 cn60 7.12688807214745"
384 352 cn60 7.126888 
384 300 cn59 4.629285 
[1] "384 354 cn60 7.77230826326631"
384 354 cn60 7.772308 
[1] "384 317 cn59 10.384104185239"
[1] "384 355 cn60 7.98471007772037"
384 355 cn60 7.98471 
[1] "384 323 cn59 9.19311614213249"
[1] "384 356 cn60 8.5532462341265"
384 356 cn60 8.553246 
[1] "384 306 cn59 7.23678827614352"
[1] "384 357 cn60 7.06581359563176"
384 357 cn60 7.065814 
384 317 cn59 10.3841 
[1] "384 358 cn60 7.22068445264184"
384 358 cn60 7.220684 
384 323 cn59 9.193116 
[1] "384 361 cn60 7.52374222921384"
384 361 cn60 7.523742 
384 306 cn59 7.236788 
[1] "384 362 cn60 7.37486526274057"
384 362 cn60 7.374865 
[1] "384 335 cn59 6.85013537609111"
[1] "384 363 cn60 6.74605225038282"
384 363 cn60 6.746052 
[1] "384 330 cn59 7.55588116118499"
[1] "384 364 cn60 9.47621290944678"
384 364 cn60 9.476213 
[1] "384 318 cn59 5.99711474230526"
[1] "384 365 cn60 5.19241077635428"
384 365 cn60 5.192411 
[1] "384 310 cn59 8.37625648119475"
[1] "384 366 cn60 10.3518797806349"
384 366 cn60 10.35188 
384 318 cn59 5.997115 
[1] "384 367 cn60 7.76327721900164"
384 367 cn60 7.763277 
384 335 cn59 6.850135 
[1] "384 368 cn60 7.40526759864595"
384 368 cn60 7.405268 
[1] "384 303 cn59 7.00312849235145"
[1] "384 369 cn60 5.97819776060796"
384 369 cn60 5.978198 
384 330 cn59 7.555881 
[1] "384 370 cn60 7.14602565579323"
384 370 cn60 7.146026 
[1] "384 320 cn59 7.20288072873938"
[1] "384 372 cn60 8.39734630407618"
384 372 cn60 8.397346 
384 310 cn59 8.376256 
[1] "384 373 cn60 9.97815720204385"
384 373 cn60 9.978157 
[1] "384 293 cn59 5.6430987182433"
[1] "384 375 cn60 9.22442366135135"
384 375 cn60 9.224424 
384 303 cn59 7.003128 
[1] "384 377 cn60 5.11336688500979"
384 377 cn60 5.113367 
384 320 cn59 7.202881 
[1] "384 378 cn60 6.64870125886065"
384 378 cn60 6.648701 
[1] "384 289 cn59 6.68517627152192"
[1] "384 381 cn60 8.02283744110303"
384 381 cn60 8.022837 
384 293 cn59 5.643099 
[1] "384 382 cn60 7.37557397208376"
384 382 cn60 7.375574 
[1] "384 326 cn59 8.46097080877657"
[1] "384 340 cn60 5.71840271597044"
384 289 cn59 6.685176 
384 340 cn60 5.718403 
[1] "384 297 cn59 5.26788216934584"
[1] "384 360 cn60 8.11014717389461"
384 326 cn59 8.460971 
384 360 cn60 8.110147 
384 297 cn59 5.267882 
[1] "384 379 cn60 5.03253076236006"
[1] "384 302 cn59 7.49474133782227"
[1] "384 383 cn60 7.91394904665467"
384 302 cn59 7.494741 
384 383 cn60 7.913949 
[1] "384 312 cn59 7.0008749887858"
384 379 cn60 5.032531 
[1] "384 288 cn59 8.89581537384102"
[1] "384 371 cn60 7.65235159221249"
384 312 cn59 7.000875 
384 371 cn60 7.652352 
[1] "384 311 cn59 9.13982806403382"
[1] "384 349 cn60 7.31901873030231"
384 288 cn59 8.895815 
384 349 cn60 7.319019 
384 311 cn59 9.139828 
[1] "384 337 cn60 6.84024472533704"
[1] "384 332 cn59 5.31243849577207"
384 337 cn60 6.840245 
384 332 cn59 5.312438 
[1] "384 359 cn60 5.60147350678622"
[1] "384 298 cn59 7.73326601944555"
384 359 cn60 5.601474 
384 298 cn59 7.733266 
[1] "384 380 cn60 7.15852859326586"
[1] "384 331 cn59 8.83207414984684"
384 380 cn60 7.158529 
384 331 cn59 8.832074 
[1] "384 350 cn60 6.53453112146485"
[1] "384 329 cn59 7.36715700087021"
384 350 cn60 6.534531 
[1] "384 291 cn59 5.58614723149586"
[1] "384 376 cn60 8.15750896269812"
[1] "384 324 cn59 7.13576249752482"
384 376 cn60 8.157509 
384 329 cn59 7.367157 
[1] "384 341 cn60 9.92068700751919"
384 324 cn59 7.135762 
384 341 cn60 9.920687 
384 291 cn59 5.586147 
[1] "384 374 cn60 8.68293408334062"
[1] "384 319 cn59 7.81615813029358"
[1] "384 353 cn60 8.44498011807864"
[1] "384 301 cn59 6.45531097086573"
384 374 cn60 8.682934 
384 319 cn59 7.816158 
384 353 cn60 8.44498 
384 301 cn59 6.455311 
[1] "384 327 cn59 6.54399083172394"
[1] "384 305 cn59 7.01650098034998"
[1] "384 334 cn59 8.22122190124223"
384 327 cn59 6.543991 
384 305 cn59 7.016501 
[1] "384 307 cn59 6.08704096701112"
384 334 cn59 8.221222 
[1] "384 294 cn59 8.14929326936098"
384 307 cn59 6.087041 
[1] "384 325 cn59 7.08003856721175"
384 294 cn59 8.149293 
384 325 cn59 7.080039 
[1] "384 304 cn59 6.16199993308004"
384 304 cn59 6.162 
[1] "384 322 cn59 8.31743433168722"
384 322 cn59 8.317434 
