Error in A + t(A) : non-conformable arrays
Execution halted
Error in A + t(A) : non-conformable arrays
Execution halted
Error in A + t(A) : non-conformable arrays
Execution halted
Error in A + t(A) : non-conformable arrays
Execution halted
Error in A + t(A) : non-conformable arrays
Execution halted
Error in A + t(A) : non-conformable arrays
Execution halted
Error in A + t(A) : non-conformable arrays
Execution halted
Error in A + t(A) : non-conformable arrays
Execution halted
Error in A + t(A) : non-conformable arrays
Execution halted
Error in A + t(A) : non-conformable arrays
Execution halted
Error in A + t(A) : non-conformable arrays
Execution halted
Error in A + t(A) : non-conformable arrays
Execution halted
Error in A + t(A) : non-conformable arrays
Execution halted
Error in A + t(A) : non-conformable arrays
Execution halted
Error in A + t(A) : non-conformable arrays
Execution halted
Error in A + t(A) : non-conformable arrays
Execution halted
Error in A + t(A) : non-conformable arrays
Execution halted
Error in A + t(A) : non-conformable arrays
Execution halted
Error in A + t(A) : non-conformable arrays
Execution halted
Error in A + t(A) : non-conformable arrays
Execution halted
Error in A + t(A) : non-conformable arrays
Execution halted
Error in A + t(A) : non-conformable arrays
Execution halted
Error in A + t(A) : non-conformable arrays
Execution halted
Error in A + t(A) : non-conformable arrays
Execution halted
Error in A + t(A) : non-conformable arrays
Execution halted
Error in A + t(A) : non-conformable arrays
Execution halted
Error in A + t(A) : non-conformable arrays
Execution halted
Error in A + t(A) : non-conformable arrays
Execution halted
Error in A + t(A) : non-conformable arrays
Execution halted
Error in A + t(A) : non-conformable arrays
Execution halted
Error in A + t(A) : non-conformable arrays
Execution halted
Error in A + t(A) : non-conformable arrays
Execution halted
Error in A + t(A) : non-conformable arrays
Execution halted
Error in A + t(A) : non-conformable arrays
Execution halted
Error in A + t(A) : non-conformable arrays
Execution halted
Error in A + t(A) : non-conformable arrays
Execution halted
Error in A + t(A) : non-conformable arrays
Execution halted
Error in A + t(A) : non-conformable arrays
Execution halted
Error in A + t(A) : non-conformable arrays
Execution halted
Error in A + t(A) : non-conformable arrays
Execution halted
Error in A + t(A) : non-conformable arrays
Execution halted
Error in A + t(A) : non-conformable arrays
Execution halted
Error in A + t(A) : non-conformable arrays
Execution halted
Error in A + t(A) : non-conformable arrays
Execution halted
Error in A + t(A) : non-conformable arrays
Execution halted
Error in A + t(A) : non-conformable arrays
Execution halted
Error in A + t(A) : non-conformable arrays
Execution halted
Error in A + t(A) : non-conformable arrays
Execution halted
Error in A + t(A) : non-conformable arrays
Execution halted
Error in A + t(A) : non-conformable arrays
Execution halted
Error in A + t(A) : non-conformable arrays
Execution halted
Error in A + t(A) : non-conformable arrays
Execution halted
Error in A + t(A) : non-conformable arrays
Execution halted
Error in A + t(A) : non-conformable arrays
Execution halted
Error in A + t(A) : non-conformable arrays
Execution halted
Error in A + t(A) : non-conformable arrays
Execution halted
Error in A + t(A) : non-conformable arrays
Execution halted
Error in A + t(A) : non-conformable arrays
Execution halted
Error in A + t(A) : non-conformable arrays
Execution halted
Error in A + t(A) : non-conformable arrays
Execution halted
Error in A + t(A) : non-conformable arrays
Execution halted
Error in A + t(A) : non-conformable arrays
Error in A + t(A) : non-conformable arrays
Execution halted
Error in A + t(A) : non-conformable arrays
Execution halted
Error in A + t(A) : non-conformable arrays
Execution halted
Execution halted
Error in A + t(A) : non-conformable arrays
Execution halted
Error in A + t(A) : non-conformable arrays
Execution halted
Error in A + t(A) : non-conformable arrays
Execution halted
Error in A + t(A) : non-conformable arrays
Execution halted
Error in A + t(A) : non-conformable arrays
Execution halted
Error in A + t(A) : non-conformable arrays
Execution halted
Error in A + t(A) : non-conformable arrays
Execution halted
Error in A + t(A) : non-conformable arrays
Execution halted
Error in A + t(A) : non-conformable arrays
Execution halted
Error in A + t(A) : non-conformable arrays
Execution halted
Error in A + t(A) : non-conformable arrays
Execution halted
Error in A + t(A) : non-conformable arrays
Execution halted
Error in A + t(A) : non-conformable arrays
Execution halted
Error in A + t(A) : non-conformable arrays
Execution halted
Error in A + t(A) : non-conformable arrays
Execution halted
Error in A + t(A) : non-conformable arrays
Execution halted
Error in A + t(A) : non-conformable arrays
Error in A + t(A) : non-conformable arrays
Execution halted
Error in A + t(A) : non-conformable arrays
Execution halted
Error in A + t(A) : non-conformable arrays
Execution halted
Error in A + t(A) : non-conformable arrays
Execution halted
Error in A + t(A) : non-conformable arrays
Execution halted
Execution halted
Error in A + t(A) : non-conformable arrays
Execution halted
Error in A + t(A) : non-conformable arrays
Execution halted
Error in A + t(A) : non-conformable arrays
Execution halted
Error in A + t(A) : non-conformable arrays
Execution halted
Error in A + t(A) : non-conformable arrays
Execution halted
Error in A + t(A) : non-conformable arrays
Execution halted
Error in A + t(A) : non-conformable arrays
Execution halted
Error in A + t(A) : non-conformable arrays
Execution halted
Error in A + t(A) : non-conformable arrays
Execution halted
Error in A + t(A) : non-conformable arrays
Execution halted
Error in A + t(A) : non-conformable arrays
Execution halted
Error in A + t(A) : non-conformable arrays
Execution halted
Error in A + t(A) : non-conformable arrays
Execution halted
Error in A + t(A) : non-conformable arrays
Execution halted
Error in A + t(A) : non-conformable arrays
Execution halted
Error in A + t(A) : non-conformable arrays
Execution halted
Error in A + t(A) : non-conformable arrays
Execution halted
Error in A + t(A) : non-conformable arrays
Execution halted
Error in A + t(A) : non-conformable arrays
Execution halted
Error in A + t(A) : non-conformable arrays
Execution halted
Error in A + t(A) : non-conformable arrays
Execution halted
Error in A + t(A) : non-conformable arrays
Execution halted
Error in A + t(A) : non-conformable arrays
Execution halted
Error in A + t(A) : non-conformable arrays
Execution halted
Error in A + t(A) : non-conformable arrays
Execution halted
Error in A + t(A) : non-conformable arrays
Execution halted
Error in A + t(A) : non-conformable arrays
Execution halted
Error in A + t(A) : non-conformable arrays
Execution halted
Error in A + t(A) : non-conformable arrays
Execution halted
Error in A + t(A) : non-conformable arrays
Execution halted
Error in A + t(A) : non-conformable arrays
Execution halted
Error in A + t(A) : non-conformable arrays
Execution halted
Error in A + t(A) : non-conformable arrays
Execution halted
Error in A + t(A) : non-conformable arrays
Execution halted
Error in A + t(A) : non-conformable arrays
Execution halted
Error in A + t(A) : non-conformable arrays
Execution halted
Error in A + t(A) : non-conformable arrays
Execution halted
Error in A + t(A) : non-conformable arrays
Execution halted
Error in A + t(A) : non-conformable arrays
Error in A + t(A) : non-conformable arrays
Execution halted
Execution halted
Error in A + t(A) : non-conformable arrays
Execution halted
Error in A + t(A) : non-conformable arrays
Execution halted
Error in A + t(A) : non-conformable arrays
Execution halted
Error in A + t(A) : non-conformable arrays
Execution halted
Error in A + t(A) : non-conformable arrays
Execution halted
Error in A + t(A) : non-conformable arrays
Execution halted
Error in A + t(A) : non-conformable arrays
Execution halted
Error in A + t(A) : non-conformable arrays
Execution halted
Error in A + t(A) : non-conformable arrays
Execution halted
Error in A + t(A) : non-conformable arrays
Execution halted
Error in A + t(A) : non-conformable arrays
Execution halted
Error in A + t(A) : non-conformable arrays
Execution halted
Error in A + t(A) : non-conformable arrays
Execution halted
Error in A + t(A) : non-conformable arrays
Execution halted
Error in A + t(A) : non-conformable arrays
Execution halted
Error in A + t(A) : non-conformable arrays
Execution halted
Error in A + t(A) : non-conformable arrays
Execution halted
Error in A + t(A) : non-conformable arrays
Execution halted
Error in A + t(A) : non-conformable arrays
Execution halted
Error in A + t(A) : non-conformable arrays
Execution halted
Error in A + t(A) : non-conformable arrays
Execution halted
Error in A + t(A) : non-conformable arrays
Execution halted
Error in A + t(A) : non-conformable arrays
Execution halted
Error in A + t(A) : non-conformable arrays
Execution halted
Error in A + t(A) : non-conformable arrays
Execution halted
Error in A + t(A) : non-conformable arrays
Execution halted
Error in A + t(A) : non-conformable arrays
Execution halted
Error in A + t(A) : non-conformable arrays
Execution halted
Error in A + t(A) : non-conformable arrays
Execution halted
Error in A + t(A) : non-conformable arrays
Execution halted
Error in A + t(A) : non-conformable arrays
Execution halted
Error in A + t(A) : non-conformable arrays
Execution halted
Error in A + t(A) : non-conformable arrays
Execution halted
Error in A + t(A) : non-conformable arrays
Execution halted
Error in A + t(A) : non-conformable arrays
Execution halted
Error in A + t(A) : non-conformable arrays
Error in A + t(A) : non-conformable arrays
Execution halted
Error in A + t(A) : non-conformable arrays
Execution halted
Error in A + t(A) : non-conformable arrays
Execution halted
Execution halted
Error in A + t(A) : non-conformable arrays
Execution halted
Error in A + t(A) : non-conformable arrays
Error in A + t(A) : non-conformable arrays
Execution halted
Execution halted
Error in A + t(A) : non-conformable arrays
Execution halted
Error in A + t(A) : non-conformable arrays
Execution halted
Error in A + t(A) : non-conformable arrays
Execution halted
Error in A + t(A) : non-conformable arrays
Execution halted
Error in A + t(A) : non-conformable arrays
Execution halted
Error in A + t(A) : non-conformable arrays
Execution halted
Error in A + t(A) : non-conformable arrays
Execution halted
Error in A + t(A) : non-conformable arrays
Execution halted
Error in A + t(A) : non-conformable arrays
Execution halted
Error in A + t(A) : non-conformable arrays
Execution halted
Error in A + t(A) : non-conformable arrays
Execution halted
Error in A + t(A) : non-conformable arrays
Execution halted
Error in A + t(A) : non-conformable arrays
Execution halted
Error in A + t(A) : non-conformable arrays
Execution halted
Error in A + t(A) : non-conformable arrays
Execution halted
Error in A + t(A) : non-conformable arrays
Execution halted
Error in A + t(A) : non-conformable arrays
Execution halted
Error in A + t(A) : non-conformable arrays
Execution halted
Error in A + t(A) : non-conformable arrays
Execution halted
Error in A + t(A) : non-conformable arrays
Execution halted
Error in A + t(A) : non-conformable arrays
Execution halted
Error in A + t(A) : non-conformable arrays
Execution halted
Error in A + t(A) : non-conformable arrays
Execution halted
Error in A + t(A) : non-conformable arrays
Execution halted
Error in A + t(A) : non-conformable arrays
Execution halted
Error in A + t(A) : non-conformable arrays
Execution halted
Error in A + t(A) : non-conformable arrays
Execution halted
Error in A + t(A) : non-conformable arrays
Execution halted
Error in A + t(A) : non-conformable arrays
Execution halted
Error in A + t(A) : non-conformable arrays
Execution halted
Error in A + t(A) : non-conformable arrays
Execution halted
Error in A + t(A) : non-conformable arrays
Execution halted
Error in A + t(A) : non-conformable arrays
Execution halted
Error in A + t(A) : non-conformable arrays
Execution halted
Error in A + t(A) : non-conformable arrays
Execution halted
Error in A + t(A) : non-conformable arrays
Error in A + t(A) : non-conformable arrays
Execution halted
Execution halted
Error in A + t(A) : non-conformable arrays
Execution halted
Error in A + t(A) : non-conformable arrays
Execution halted
Error in A + t(A) : non-conformable arrays
Execution halted
Error in A + t(A) : non-conformable arrays
Execution halted
Error in A + t(A) : non-conformable arrays
Execution halted
Error in A + t(A) : non-conformable arrays
Execution halted
Error in A + t(A) : non-conformable arrays
Execution halted
Error in A + t(A) : non-conformable arrays
Execution halted
Error in A + t(A) : non-conformable arrays
Execution halted
Error in A + t(A) : non-conformable arrays
Execution halted
Error in A + t(A) : non-conformable arrays
Execution halted
Error in A + t(A) : non-conformable arrays
Execution halted
Error in A + t(A) : non-conformable arrays
Execution halted
Error in A + t(A) : non-conformable arrays
Execution halted
Error in A + t(A) : non-conformable arrays
Execution halted
Error in A + t(A) : non-conformable arrays
Execution halted
Error in A + t(A) : non-conformable arrays
Execution halted
Error in A + t(A) : non-conformable arrays
Execution halted
Error in A + t(A) : non-conformable arrays
Execution halted
Error in A + t(A) : non-conformable arrays
Execution halted
Error in A + t(A) : non-conformable arrays
Execution halted
Error in A + t(A) : non-conformable arrays
Execution halted
Error in A + t(A) : non-conformable arrays
Execution halted
Error in A + t(A) : non-conformable arrays
Execution halted
Error in A + t(A) : non-conformable arrays
Execution halted
Error in A + t(A) : non-conformable arrays
Execution halted
Error in A + t(A) : non-conformable arrays
Execution halted
Error in A + t(A) : non-conformable arrays
Execution halted
Error in A + t(A) : non-conformable arrays
Execution halted
Error in A + t(A) : non-conformable arrays
Execution halted
Error in A + t(A) : non-conformable arrays
Execution halted
Error in A + t(A) : non-conformable arrays
Execution halted
Error in A + t(A) : non-conformable arrays
Execution halted
Error in A + t(A) : non-conformable arrays
Execution halted
Error in A + t(A) : non-conformable arrays
Execution halted
Error in A + t(A) : non-conformable arrays
Execution halted
Error in A + t(A) : non-conformable arrays
Execution halted
Error in A + t(A) : non-conformable arrays
Execution halted
Error in A + t(A) : non-conformable arrays
Execution halted
Error in A + t(A) : non-conformable arrays
Execution halted
Error in A + t(A) : non-conformable arrays
Execution halted
Error in A + t(A) : non-conformable arrays
Execution halted
Error in A + t(A) : non-conformable arrays
Execution halted
Error in A + t(A) : non-conformable arrays
Execution halted
Error in A + t(A) : non-conformable arrays
Execution halted
Error in A + t(A) : non-conformable arrays
Execution halted
Error in A + t(A) : non-conformable arrays
Execution halted
Error in A + t(A) : non-conformable arrays
Execution halted
Error in A + t(A) : non-conformable arrays
Execution halted
Error in A + t(A) : non-conformable arrays
Execution halted
Error in A + t(A) : non-conformable arrays
Execution halted
Error in A + t(A) : non-conformable arrays
Execution halted
Error in A + t(A) : non-conformable arrays
Execution halted
Error in A + t(A) : non-conformable arrays
Execution halted
Error in A + t(A) : non-conformable arrays
Execution halted
Error in A + t(A) : non-conformable arrays
Execution halted
Error in A + t(A) : non-conformable arrays
Execution halted
Error in A + t(A) : non-conformable arrays
Execution halted
Error in A + t(A) : non-conformable arrays
Execution halted
Error in A + t(A) : non-conformable arrays
Execution halted
Error in A + t(A) : non-conformable arrays
Execution halted
Error in A + t(A) : non-conformable arrays
Execution halted
Error in A + t(A) : non-conformable arrays
Execution halted
Error in A + t(A) : non-conformable arrays
Execution halted
Error in A + t(A) : non-conformable arrays
Execution halted
Error in A + t(A) : non-conformable arrays
Execution halted
Error in A + t(A) : non-conformable arrays
Execution halted
Error in A + t(A) : non-conformable arrays
Execution halted
Error in A + t(A) : non-conformable arrays
Execution halted
Error in A + t(A) : non-conformable arrays
Execution halted
Error in A + t(A) : non-conformable arrays
Execution halted
Error in A + t(A) : non-conformable arrays
Execution halted
Error in A + t(A) : non-conformable arrays
Execution halted
Error in A + t(A) : non-conformable arrays
Execution halted
Error in A + t(A) : non-conformable arrays
Execution halted
Error in A + t(A) : non-conformable arrays
Execution halted
Error in A + t(A) : non-conformable arrays
Execution halted
Error in A + t(A) : non-conformable arrays
Execution halted
Error in A + t(A) : non-conformable arrays
Execution halted
Error in A + t(A) : non-conformable arrays
Execution halted
Error in A + t(A) : non-conformable arrays
Execution halted
Error in A + t(A) : non-conformable arrays
Execution halted
Error in A + t(A) : non-conformable arrays
Execution halted
Error in A + t(A) : non-conformable arrays
Execution halted
Error in A + t(A) : non-conformable arrays
Execution halted
Error in A + t(A) : non-conformable arrays
Execution halted
Error in A + t(A) : non-conformable arrays
Execution halted
size  rank  host  max_eigen_value
384 0 cn41 NaN
Error in A + t(A) : non-conformable arrays
Execution halted
Error in A + t(A) : non-conformable arrays
Execution halted
Error in A + t(A) : non-conformable arrays
Error in A + t(A) : non-conformable arrays
Execution halted
Error in A + t(A) : non-conformable arrays
Execution halted
Execution halted
Error in A + t(A) : non-conformable arrays
Execution halted
Error in A + t(A) : non-conformable arrays
Execution halted
Error in A + t(A) : non-conformable arrays
Execution halted
Error in A + t(A) : non-conformable arrays
Execution halted
Error in A + t(A) : non-conformable arrays
Execution halted
Error in A + t(A) : non-conformable arrays
Execution halted
Error in A + t(A) : non-conformable arrays
Execution halted
Error in A + t(A) : non-conformable arrays
Execution halted
Error in A + t(A) : non-conformable arrays
Execution halted
Error in A + t(A) : non-conformable arrays
Execution halted
Error in A + t(A) : non-conformable arrays
Execution halted
Error in A + t(A) : non-conformable arrays
Execution halted
Error in A + t(A) : non-conformable arrays
Execution halted
Error in A + t(A) : non-conformable arrays
Execution halted
Error in A + t(A) : non-conformable arrays
Execution halted
Error in A + t(A) : non-conformable arrays
Execution halted
Error in A + t(A) : non-conformable arrays
Execution halted
Error in A + t(A) : non-conformable arrays
Error in A + t(A) : non-conformable arrays
Execution halted
Execution halted
Error in A + t(A) : non-conformable arrays
Execution halted
Error in A + t(A) : non-conformable arrays
Execution halted
Error in A + t(A) : non-conformable arrays
Execution halted
Error in A + t(A) : non-conformable arrays
Execution halted
Error in A + t(A) : non-conformable arrays
Execution halted
Error in A + t(A) : non-conformable arrays
Execution halted
Error in A + t(A) : non-conformable arrays
Execution halted
Error in A + t(A) : non-conformable arrays
Execution halted
Error in A + t(A) : non-conformable arrays
Execution halted
Error in A + t(A) : non-conformable arrays
Execution halted
Error in A + t(A) : non-conformable arrays
Execution halted
Error in A + t(A) : non-conformable arrays
Execution halted
Error in A + t(A) : non-conformable arrays
Execution halted
Error in A + t(A) : non-conformable arrays
Execution halted
Error in A + t(A) : non-conformable arrays
Execution halted
Error in A + t(A) : non-conformable arrays
Execution halted
Error in A + t(A) : non-conformable arrays
Execution halted
Error in A + t(A) : non-conformable arrays
Execution halted
Error in A + t(A) : non-conformable arrays
Execution halted
Error in A + t(A) : non-conformable arrays
Execution halted
Error in A + t(A) : non-conformable arrays
Execution halted
Error in A + t(A) : non-conformable arrays
Execution halted
Error in A + t(A) : non-conformable arrays
Execution halted
Error in A + t(A) : non-conformable arrays
Execution halted
Error in A + t(A) : non-conformable arrays
Execution halted
Error in A + t(A) : non-conformable arrays
Execution halted
Error in A + t(A) : non-conformable arrays
Execution halted
Error in A + t(A) : non-conformable arrays
Execution halted
Error in A + t(A) : non-conformable arrays
Execution halted
Error in A + t(A) : non-conformable arrays
Execution halted
Error in A + t(A) : non-conformable arrays
Execution halted
Error in A + t(A) : non-conformable arrays
Execution halted
Error in A + t(A) : non-conformable arrays
Execution halted
Error in A + t(A) : non-conformable arrays
Execution halted
Error in A + t(A) : non-conformable arrays
Execution halted
Error in A + t(A) : non-conformable arrays
Execution halted
Error in A + t(A) : non-conformable arrays
Execution halted
Error in A + t(A) : non-conformable arrays
Execution halted
Error in A + t(A) : non-conformable arrays
Execution halted
Error in A + t(A) : non-conformable arrays
Execution halted
Error in A + t(A) : non-conformable arrays
Error in A + t(A) : non-conformable arrays
Execution halted
Error in A + t(A) : non-conformable arrays
Execution halted
Error in A + t(A) : non-conformable arrays
Execution halted
Execution halted
Error in A + t(A) : non-conformable arrays
Execution halted
Error in A + t(A) : non-conformable arrays
Execution halted
Error in A + t(A) : non-conformable arrays
Execution halted
Error in A + t(A) : non-conformable arrays
Execution halted
Error in A + t(A) : non-conformable arrays
Execution halted
Error in A + t(A) : non-conformable arrays
Execution halted
Error in A + t(A) : non-conformable arrays
Execution halted
Error in A + t(A) : non-conformable arrays
Execution halted
Error in A + t(A) : non-conformable arrays
Execution halted
Error in A + t(A) : non-conformable arrays
Execution halted
Error in A + t(A) : non-conformable arrays
Execution halted
Error in A + t(A) : non-conformable arrays
Execution halted
Error in A + t(A) : non-conformable arrays
Execution halted
Error in A + t(A) : non-conformable arrays
Execution halted
Error in A + t(A) : non-conformable arrays
Execution halted
Error in A + t(A) : non-conformable arrays
Execution halted
Error in A + t(A) : non-conformable arrays
Execution halted
Error in A + t(A) : non-conformable arrays
Execution halted
Error in A + t(A) : non-conformable arrays
Execution halted
Error in A + t(A) : non-conformable arrays
Execution halted
Error in A + t(A) : non-conformable arrays
Execution halted
Error in A + t(A) : non-conformable arrays
Execution halted
srun: error: cn58: tasks 288,303,308,312,327,330,333: Exited with exit code 1
srun: error: cn55: tasks 149,151,156,159,166,173,182: Exited with exit code 1
srun: error: cn41: tasks 1-47: Exited with exit code 1
srun: error: cn54: tasks 96-97,101-106,111-112,117,120-122,125,128,130-131,136,139,141: Exited with exit code 1
srun: error: cn56: tasks 192,194,199-200,202-203,206,209,212,219,224,227-228,230-231,235: Exited with exit code 1
srun: error: cn57: tasks 240,246,257,268,279,284: Exited with exit code 1
srun: error: cn59: tasks 342,363,369: Exited with exit code 1
srun: error: cn53: tasks 52,81: Exited with exit code 1
srun: error: cn58: tasks 291,293-294,300-302,304-305,307,311,317,319,322,329,331: Exited with exit code 1
srun: error: cn54: tasks 123,126,138,143: Exited with exit code 1
srun: error: cn55: tasks 146,150,152-155,158,160-161,163-164,168,170,172,174-178,180,184-185,187-188,190: Exited with exit code 1
srun: error: cn53: task 87: Exited with exit code 1
srun: error: cn57: tasks 247,250,263,271,273,276: Exited with exit code 1
srun: error: cn56: tasks 197,204-205,216,222-223,225,233: Exited with exit code 1
srun: error: cn58: tasks 289-290,292,295-299,306,309-310,313-316,318,320-321,323-326,328,332,334-335: Exited with exit code 1
srun: error: cn55: tasks 144-145,147-148,157,162,165,167,169,171,179,181,183,186,189,191: Exited with exit code 1
srun: error: cn54: tasks 98-100,107-110,113-116,118-119,124,127,129,132-135,137,140,142: Exited with exit code 1
srun: error: cn59: tasks 336,341,343,347,349,351-353,355-357,360,362,367,370-371,373-374,377-378,381: Exited with exit code 1
srun: error: cn56: tasks 193,195-196,198,201,207-208,210-211,213-215,217-218,220-221,226,229,232,234,236-239: Exited with exit code 1
srun: error: cn53: tasks 48-51,53-80,82-86,88-95: Exited with exit code 1
srun: error: cn57: tasks 241-245,248-249,251-256,258-262,264-267,269-270,272,274-275,277-278,280-283,285-287: Exited with exit code 1
srun: error: cn59: tasks 337-340,344-346,348,350,354,358-359,361,364-366,368,372,375-376,379-380,382-383: Exited with exit code 1
