384 80 cn53 8.468565 
384 129 cn54 6.703296 
384 147 cn55 7.275241 
size  rank  host  max_eigen_value
384 0 cn41 NaN
384 193 cn56 8.361838 
384 309 cn58 8.032458 
384 243 cn57 7.515629 
384 345 cn59 7.547555 
384 111 cn54 7.683218 
384 50 cn53 6.703269 
384 121 cn54 6.665125 
384 49 cn53 7.151962 
384 122 cn54 6.580464 
384 66 cn53 8.300398 
384 125 cn54 7.472936 
384 92 cn53 7.195622 
384 162 cn55 6.67049 
384 135 cn54 7.770082 
384 60 cn53 7.566337 
384 169 cn55 8.230504 
384 142 cn54 8.997475 
384 57 cn53 6.824179 
384 144 cn55 8.997868 
384 110 cn54 7.585485 
384 58 cn53 7.936662 
384 185 cn55 6.395673 
384 128 cn54 5.192406 
384 59 cn53 6.935062 
384 191 cn55 7.402447 
384 136 cn54 6.469186 
384 65 cn53 7.334173 
384 157 cn55 6.967005 
384 116 cn54 5.702495 
384 68 cn53 5.683659 
384 154 cn55 5.445224 
384 137 cn54 6.511178 
384 70 cn53 7.974684 
384 146 cn55 7.250852 
384 101 cn54 9.245945 
384 72 cn53 8.255567 
384 180 cn55 7.674768 
384 132 cn54 7.745216 
384 85 cn53 7.5684 
384 188 cn55 8.24742 
384 98 cn54 6.52096 
384 86 cn53 6.301574 
384 156 cn55 5.424798 
384 118 cn54 5.254897 
384 84 cn53 8.785015 
384 160 cn55 6.942672 
384 134 cn54 7.689053 
384 91 cn53 7.080801 
384 158 cn55 6.849952 
384 99 cn54 6.540964 
384 48 cn53 7.629455 
384 170 cn55 7.043946 
384 104 cn54 6.144268 
384 83 cn53 7.566639 
384 172 cn55 7.268297 
384 138 cn54 10.06925 
384 76 cn53 8.46045 
384 182 cn55 7.709785 
384 102 cn54 8.013565 
384 64 cn53 7.836108 
384 186 cn55 8.323004 
384 105 cn54 8.664639 
384 75 cn53 6.750172 
384 155 cn55 9.105351 
384 120 cn54 6.992179 
384 63 cn53 8.14876 
384 183 cn55 5.825998 
384 131 cn54 7.112776 
384 82 cn53 6.94495 
384 159 cn55 7.780547 
384 108 cn54 8.493977 
384 77 cn53 7.842865 
384 187 cn55 5.681726 
384 127 cn54 8.327624 
384 51 cn53 6.321337 
384 173 cn55 7.207613 
384 112 cn54 7.93918 
384 74 cn53 6.572807 
384 181 cn55 7.279286 
384 141 cn54 9.452164 
384 78 cn53 8.468554 
384 176 cn55 8.412906 
384 109 cn54 6.515619 
384 69 cn53 9.491404 
384 168 cn55 7.737809 
384 143 cn54 7.944264 
384 73 cn53 7.152588 
384 167 cn55 9.780634 
384 124 cn54 7.397587 
384 52 cn53 5.955622 
384 179 cn55 8.127442 
384 140 cn54 8.170363 
384 71 cn53 8.239098 
384 151 cn55 7.077234 
384 119 cn54 7.91998 
384 95 cn53 7.803313 
384 190 cn55 7.694963 
384 96 cn54 7.431995 
384 67 cn53 8.920426 
384 145 cn55 8.108823 
384 139 cn54 5.805667 
384 79 cn53 7.714584 
384 148 cn55 6.4639 
384 97 cn54 7.098862 
384 53 cn53 8.448815 
384 149 cn55 10.83301 
384 106 cn54 7.429225 
384 56 cn53 8.219348 
384 150 cn55 7.108519 
384 123 cn54 7.705257 
384 62 cn53 5.60642 
384 165 cn55 8.259675 
384 107 cn54 7.479035 
384 94 cn53 8.073583 
384 178 cn55 6.838414 
384 100 cn54 6.43298 
384 55 cn53 6.090953 
384 153 cn55 6.859265 
384 103 cn54 7.462933 
384 93 cn53 8.157187 
384 152 cn55 7.314341 
384 113 cn54 9.638369 
384 81 cn53 6.348172 
384 161 cn55 8.550705 
384 115 cn54 6.268361 
384 87 cn53 6.314022 
384 163 cn55 5.311601 
384 130 cn54 5.951922 
384 89 cn53 6.499486 
384 171 cn55 7.297594 
384 133 cn54 9.435058 
384 54 cn53 7.83021 
384 174 cn55 6.549724 
384 126 cn54 6.525003 
384 61 cn53 8.273382 
384 184 cn55 7.795379 
384 114 cn54 6.206072 
384 88 cn53 9.005888 
384 189 cn55 8.615053 
384 117 cn54 6.739404 
384 90 cn53 8.869568 
384 175 cn55 7.730511 
384 166 cn55 5.764115 
384 164 cn55 9.022105 
384 177 cn55 9.527516 
384 1 cn41 8.206716 
384 3 cn41 9.636217 
384 4 cn41 7.030403 
384 5 cn41 6.816428 
384 6 cn41 6.931281 
384 8 cn41 7.331654 
384 9 cn41 8.409952 
384 10 cn41 6.693577 
384 11 cn41 6.5056 
384 12 cn41 8.111137 
384 13 cn41 7.178985 
384 14 cn41 4.82272 
384 15 cn41 5.30468 
384 16 cn41 7.590839 
384 17 cn41 7.969012 
384 18 cn41 6.745826 
384 19 cn41 7.471805 
384 20 cn41 8.226024 
384 21 cn41 8.098312 
384 23 cn41 7.017431 
384 25 cn41 7.869491 
384 26 cn41 8.137363 
384 27 cn41 9.470347 
384 29 cn41 6.213079 
384 30 cn41 6.91584 
384 31 cn41 7.703385 
384 32 cn41 7.242572 
384 33 cn41 6.520392 
384 34 cn41 7.517133 
384 35 cn41 6.199556 
384 37 cn41 9.377531 
384 38 cn41 7.854417 
384 40 cn41 5.165689 
384 41 cn41 9.050386 
384 42 cn41 10.20355 
384 44 cn41 7.45758 
384 45 cn41 7.56866 
384 46 cn41 5.90549 
384 47 cn41 7.279226 
384 2 cn41 7.936414 
384 355 cn59 8.222949 
384 39 cn41 5.395044 
384 339 cn59 7.967181 
384 24 cn41 9.460094 
384 340 cn59 7.712823 
384 22 cn41 7.74131 
384 342 cn59 6.257469 
384 36 cn41 8.441823 
384 343 cn59 8.715308 
384 7 cn41 9.176157 
384 344 cn59 6.670379 
384 28 cn41 7.76491 
384 346 cn59 5.9866 
384 43 cn41 8.526011 
384 347 cn59 6.037559 
384 348 cn59 9.389194 
384 349 cn59 6.260351 
384 350 cn59 7.635854 
384 195 cn56 7.027723 
384 351 cn59 9.035113 
384 215 cn56 6.346041 
384 352 cn59 6.112585 
384 217 cn56 7.323221 
384 353 cn59 7.96304 
384 210 cn56 5.386448 
384 354 cn59 10.6005 
384 226 cn56 7.236613 
384 356 cn59 8.68416 
384 198 cn56 9.4817 
384 357 cn59 10.0552 
384 216 cn56 8.192532 
384 358 cn59 7.627704 
384 214 cn56 6.787399 
384 359 cn59 7.376017 
384 223 cn56 7.62451 
384 360 cn59 7.848856 
384 212 cn56 5.914932 
384 363 cn59 8.675752 
384 196 cn56 5.294899 
384 364 cn59 7.139767 
384 201 cn56 10.22723 
384 365 cn59 6.825467 
384 219 cn56 7.80499 
384 367 cn59 8.204944 
384 232 cn56 7.719811 
384 368 cn59 8.03041 
384 194 cn56 7.610097 
384 369 cn59 7.192795 
384 204 cn56 6.530369 
384 370 cn59 7.689187 
384 236 cn56 6.554633 
384 371 cn59 10.8196 
384 192 cn56 7.202348 
384 372 cn59 7.246805 
384 213 cn56 7.935719 
384 373 cn59 6.899235 
384 227 cn56 6.224044 
384 374 cn59 6.439548 
384 209 cn56 8.962296 
384 375 cn59 7.472936 
384 205 cn56 7.155558 
384 376 cn59 8.362044 
384 208 cn56 5.698695 
384 377 cn59 7.66066 
384 241 cn57 9.064414 
384 234 cn56 7.438972 
384 378 cn59 6.396649 
384 259 cn57 6.610176 
384 197 cn56 7.730881 
384 379 cn59 7.331977 
384 265 cn57 8.391713 
384 200 cn56 6.886865 
384 380 cn59 5.913332 
384 283 cn57 7.145133 
384 206 cn56 7.958328 
384 381 cn59 9.483104 
384 247 cn57 9.906905 
384 221 cn56 6.789844 
384 382 cn59 8.234259 
384 248 cn57 6.894747 
384 224 cn56 7.461528 
384 361 cn59 7.7318 
384 251 cn57 6.75217 
384 222 cn56 6.611735 
384 338 cn59 7.092104 
384 258 cn57 6.876541 
384 211 cn56 6.789431 
384 362 cn59 6.185666 
384 266 cn57 10.32678 
384 220 cn56 6.341654 
384 337 cn59 8.435498 
384 273 cn57 10.04744 
384 233 cn56 7.68282 
384 366 cn59 9.026593 
384 274 cn57 7.674626 
384 229 cn56 6.714661 
384 383 cn59 7.523424 
384 249 cn57 9.029804 
384 231 cn56 8.696999 
384 341 cn59 8.662906 
384 256 cn57 6.680023 
384 207 cn56 6.703786 
384 336 cn59 9.373897 
384 272 cn57 9.648934 
384 238 cn56 6.627678 
384 284 cn57 7.564738 
384 218 cn56 6.428181 
384 246 cn57 6.702746 
384 228 cn56 10.18625 
384 261 cn57 8.400798 
384 237 cn56 7.635751 
384 244 cn57 6.948123 
384 230 cn56 6.995381 
384 250 cn57 6.461961 
384 203 cn56 5.76142 
384 286 cn57 7.733619 
384 235 cn56 7.48758 
384 280 cn57 7.836282 
384 199 cn56 6.323441 
384 262 cn57 5.471797 
384 225 cn56 6.267079 
384 264 cn57 7.39531 
384 239 cn56 8.17372 
384 269 cn57 6.120621 
384 202 cn56 8.326726 
384 254 cn57 9.573336 
384 270 cn57 8.914042 
384 267 cn57 6.779913 
384 278 cn57 8.040151 
384 282 cn57 8.453273 
384 268 cn57 7.509298 
384 257 cn57 8.644575 
384 277 cn57 6.81563 
384 240 cn57 6.040544 
384 245 cn57 6.898097 
384 253 cn57 6.242516 
384 279 cn57 6.453021 
384 287 cn57 6.625692 
384 275 cn57 5.967232 
384 252 cn57 6.850397 
384 260 cn57 8.99365 
384 276 cn57 7.396449 
384 263 cn57 8.01287 
384 271 cn57 8.80281 
384 281 cn57 7.76576 
384 285 cn57 5.917504 
384 255 cn57 4.008145 
384 242 cn57 6.62367 
384 320 cn58 10.02255 
384 292 cn58 7.463858 
384 288 cn58 6.265348 
384 289 cn58 7.926296 
384 290 cn58 8.789148 
384 291 cn58 5.23874 
384 294 cn58 8.929502 
384 295 cn58 9.093971 
384 296 cn58 7.726193 
384 297 cn58 8.376073 
384 298 cn58 8.60181 
384 300 cn58 8.08477 
384 301 cn58 9.590335 
384 302 cn58 6.988845 
384 303 cn58 9.795039 
384 304 cn58 8.256565 
384 306 cn58 6.635702 
384 307 cn58 4.407597 
384 308 cn58 6.819111 
384 310 cn58 7.062554 
384 311 cn58 6.796736 
384 312 cn58 9.89852 
384 313 cn58 7.508043 
384 314 cn58 7.550649 
384 315 cn58 8.747708 
384 316 cn58 6.229087 
384 317 cn58 6.590453 
384 319 cn58 6.430037 
384 321 cn58 7.450536 
384 322 cn58 7.38235 
384 323 cn58 7.782904 
384 324 cn58 7.279866 
384 325 cn58 5.601094 
384 326 cn58 8.905232 
384 327 cn58 5.738992 
384 328 cn58 8.463091 
384 329 cn58 8.284062 
384 330 cn58 9.965004 
384 331 cn58 10.37784 
384 332 cn58 8.362172 
384 333 cn58 6.94757 
384 334 cn58 7.515361 
384 335 cn58 8.084703 
384 299 cn58 7.461845 
384 305 cn58 7.920105 
384 318 cn58 5.608051 
384 293 cn58 7.470102 
