size  rank  host  max_eigen_value
240 0 cn61 NaN
240 7 cn61 7.795428 
240 13 cn61 8.151619 
240 6 cn61 7.115273 
240 39 cn63 6.343798 
240 11 cn61 6.309044 
240 8 cn61 7.522389 
240 10 cn61 7.620585 
240 4 cn61 8.695498 
240 9 cn61 8.611428 
240 15 cn61 7.468134 
240 3 cn61 7.363185 
240 19 cn61 8.058758 
240 117 cn66 6.235251 
240 51 cn64 6.740444 
240 179 cn69 7.355905 
240 150 cn68 5.032529 
240 76 cn65 6.637587 
240 23 cn61 7.402938 
240 129 cn67 8.759287 
240 16 cn61 8.366742 
240 1 cn61 6.780554 
240 20 cn61 7.149953 
240 12 cn61 7.995399 
240 14 cn61 5.859207 
240 22 cn61 8.22018 
240 18 cn61 7.780502 
240 21 cn61 6.910158 
240 5 cn61 7.097559 
240 221 cn71 6.23491 
240 2 cn61 9.201771 
240 17 cn61 7.374914 
240 192 cn70 8.344686 
240 42 cn63 8.360955 
240 38 cn63 7.043111 
240 24 cn63 7.608794 
240 33 cn63 8.071175 
240 36 cn63 8.622101 
240 31 cn63 7.549376 
240 27 cn63 7.718011 
240 34 cn63 6.063842 
240 44 cn63 7.90464 
240 37 cn63 8.021994 
240 26 cn63 5.329558 
240 32 cn63 6.562755 
240 28 cn63 10.27151 
240 29 cn63 7.299676 
240 41 cn63 8.399553 
240 47 cn63 7.817959 
240 40 cn63 7.90865 
240 25 cn63 9.027314 
240 45 cn63 7.889075 
240 30 cn63 9.110723 
240 43 cn63 7.943607 
240 35 cn63 8.617465 
240 46 cn63 6.746571 
240 59 cn64 8.295747 
240 69 cn64 7.380273 
240 52 cn64 7.781289 
240 99 cn66 5.184808 
240 180 cn69 8.924805 
240 54 cn64 8.444969 
240 104 cn66 7.98318 
240 182 cn69 7.386024 
240 57 cn64 7.645473 
240 105 cn66 9.187188 
240 191 cn69 7.057101 
240 60 cn64 9.231329 
240 114 cn66 6.659284 
240 172 cn69 6.10513 
240 65 cn64 6.6512 
240 116 cn66 6.946473 
240 174 cn69 6.695624 
240 67 cn64 8.189574 
240 111 cn66 6.83913 
240 176 cn69 8.04761 
240 70 cn64 6.234564 
240 109 cn66 7.813843 
240 178 cn69 6.911152 
240 50 cn64 7.632837 
240 98 cn66 6.281398 
240 184 cn69 7.921564 
240 49 cn64 8.7553 
240 100 cn66 8.574045 
240 169 cn69 8.237367 
240 71 cn64 6.716475 
240 112 cn66 7.32406 
240 181 cn69 6.583958 
240 55 cn64 8.408107 
240 107 cn66 6.330341 
240 190 cn69 7.657423 
240 63 cn64 6.95762 
240 119 cn66 8.940357 
240 168 cn69 6.659978 
240 68 cn64 6.763418 
240 118 cn66 6.538435 
240 171 cn69 7.16623 
240 66 cn64 7.419579 
240 115 cn66 6.60656 
240 183 cn69 8.521542 
240 64 cn64 9.94719 
240 108 cn66 6.74222 
240 170 cn69 6.926333 
240 53 cn64 6.796348 
240 101 cn66 7.877199 
240 177 cn69 7.527178 
240 56 cn64 7.616129 
240 96 cn66 6.172162 
240 187 cn69 6.014802 
240 61 cn64 6.733429 
240 106 cn66 5.460099 
240 188 cn69 9.058823 
240 62 cn64 6.931909 
240 102 cn66 7.682871 
240 173 cn69 6.98599 
240 48 cn64 8.937229 
240 113 cn66 8.541725 
240 186 cn69 6.951104 
240 58 cn64 6.738641 
240 103 cn66 5.727257 
240 175 cn69 6.926333 
240 97 cn66 8.991562 
240 189 cn69 6.996451 
240 110 cn66 7.604996 
240 185 cn69 6.005019 
240 95 cn65 6.851781 
240 73 cn65 6.993114 
240 145 cn68 8.161952 
240 74 cn65 8.028413 
240 147 cn68 8.019242 
240 75 cn65 7.201658 
240 159 cn68 6.671227 
240 77 cn65 7.547066 
240 160 cn68 8.160518 
240 78 cn65 7.210135 
240 164 cn68 6.623469 
240 80 cn65 5.626449 
240 166 cn68 7.901482 
240 85 cn65 6.985957 
240 163 cn68 8.504871 
240 86 cn65 8.548883 
240 161 cn68 8.372595 
240 88 cn65 9.899233 
240 167 cn68 5.914241 
240 90 cn65 5.002294 
240 162 cn68 5.74442 
240 92 cn65 7.212832 
240 148 cn68 6.072395 
240 89 cn65 4.731037 
240 165 cn68 6.717695 
240 81 cn65 8.668173 
240 155 cn68 8.450213 
240 94 cn65 8.772051 
240 156 cn68 6.234465 
240 91 cn65 10.13508 
240 144 cn68 8.301 
240 79 cn65 8.001942 
240 146 cn68 9.299756 
240 82 cn65 6.903839 
240 154 cn68 10.56036 
240 84 cn65 8.595745 
240 158 cn68 9.098933 
240 87 cn65 6.675096 
240 151 cn68 7.908407 
240 72 cn65 8.110276 
240 149 cn68 10.1415 
240 83 cn65 7.089253 
240 153 cn68 7.7434 
240 93 cn65 9.688331 
240 157 cn68 6.666522 
240 152 cn68 7.051882 
240 120 cn67 7.907404 
240 141 cn67 6.7465 
240 143 cn67 6.901043 
240 127 cn67 7.063213 
240 131 cn67 6.819391 
240 121 cn67 9.853925 
240 124 cn67 9.807618 
240 142 cn67 8.905548 
240 128 cn67 9.564442 
240 139 cn67 8.704537 
240 135 cn67 6.668408 
240 138 cn67 5.26667 
240 132 cn67 8.26504 
240 140 cn67 7.855184 
240 123 cn67 6.666522 
240 126 cn67 6.66308 
240 133 cn67 8.244891 
240 134 cn67 5.990226 
240 136 cn67 6.477294 
240 130 cn67 6.582654 
240 137 cn67 5.436388 
240 122 cn67 6.728781 
240 125 cn67 7.245911 
240 225 cn71 6.44653 
240 228 cn71 9.241976 
240 229 cn71 8.10755 
240 238 cn71 7.811319 
240 239 cn71 8.694583 
240 216 cn71 7.31974 
240 218 cn71 6.467937 
240 226 cn71 5.835775 
240 227 cn71 6.174745 
240 236 cn71 7.339395 
240 234 cn71 9.585789 
240 223 cn71 8.648521 
240 231 cn71 5.569896 
240 232 cn71 7.793095 
240 233 cn71 9.762716 
240 222 cn71 9.181762 
240 235 cn71 9.152804 
240 224 cn71 6.952111 
240 230 cn71 7.535742 
240 220 cn71 7.182697 
240 219 cn71 7.614723 
240 217 cn71 9.238494 
240 237 cn71 7.062779 
240 200 cn70 6.912882 
240 209 cn70 7.12685 
240 197 cn70 6.626619 
240 201 cn70 6.930839 
240 207 cn70 6.458277 
240 208 cn70 7.245928 
240 214 cn70 7.373236 
240 215 cn70 6.014828 
240 205 cn70 7.673295 
240 202 cn70 6.821547 
240 206 cn70 10.19086 
240 210 cn70 6.531748 
240 194 cn70 6.577519 
240 196 cn70 8.001942 
240 211 cn70 5.215027 
240 204 cn70 7.763619 
240 195 cn70 7.04125 
240 198 cn70 6.90335 
240 199 cn70 8.633314 
240 193 cn70 7.505425 
240 213 cn70 6.95277 
240 203 cn70 7.8051 
240 212 cn70 6.838102 
