size  rank  host  max_eigen_value
288 0 cn41 NaN
288 123 cn54 7.468302 
288 168 cn55 8.944111 
288 248 cn57 9.110083 
288 194 cn56 8.596324 
288 76 cn53 9.620212 
288 37 cn41 8.259116 
288 101 cn54 5.642717 
288 23 cn41 8.198273 
288 132 cn54 10.04775 
288 15 cn41 8.58579 
288 137 cn54 7.254338 
288 38 cn41 8.803919 
288 103 cn54 7.254184 
288 41 cn41 6.507966 
288 98 cn54 4.588931 
288 44 cn41 6.837532 
288 105 cn54 8.933346 
288 20 cn41 7.404506 
288 133 cn54 7.238553 
288 31 cn41 7.186177 
288 99 cn54 7.637072 
288 25 cn41 5.621628 
288 135 cn54 9.21103 
288 7 cn41 6.281562 
288 129 cn54 11.87856 
288 24 cn41 8.357526 
288 122 cn54 6.760037 
288 19 cn41 7.374485 
288 114 cn54 9.090561 
288 30 cn41 7.73197 
288 130 cn54 7.109245 
288 45 cn41 7.121264 
288 128 cn54 8.509858 
288 1 cn41 8.301762 
288 138 cn54 6.782151 
288 2 cn41 9.036711 
288 119 cn54 10.75038 
288 5 cn41 7.66296 
288 134 cn54 7.542418 
288 9 cn41 6.436141 
288 141 cn54 6.241793 
288 26 cn41 6.398834 
288 143 cn54 8.845318 
288 8 cn41 9.901227 
288 118 cn54 6.732482 
288 11 cn41 9.622403 
288 113 cn54 6.795577 
288 28 cn41 5.264495 
288 111 cn54 6.51583 
288 21 cn41 8.369266 
288 100 cn54 7.55045 
288 14 cn41 6.885031 
288 140 cn54 8.739054 
288 29 cn41 6.727894 
288 109 cn54 11.49871 
288 35 cn41 7.498297 
288 120 cn54 6.308548 
288 39 cn41 8.630714 
288 139 cn54 6.717505 
288 3 cn41 7.263534 
288 125 cn54 8.264806 
288 34 cn41 5.857399 
288 108 cn54 8.910973 
288 4 cn41 6.250217 
288 97 cn54 7.291995 
288 6 cn41 8.507491 
288 131 cn54 7.307273 
288 10 cn41 8.87162 
288 121 cn54 5.890754 
288 12 cn41 9.126649 
288 107 cn54 7.170954 
288 13 cn41 9.925976 
288 126 cn54 10.77962 
288 16 cn41 6.255853 
288 102 cn54 6.988953 
288 17 cn41 8.029113 
288 104 cn54 7.802823 
288 22 cn41 6.977662 
288 117 cn54 7.193378 
288 27 cn41 6.61702 
288 136 cn54 7.138737 
288 33 cn41 5.892391 
288 127 cn54 6.456235 
288 36 cn41 7.778344 
288 112 cn54 8.288509 
288 40 cn41 7.057742 
288 110 cn54 7.01058 
288 42 cn41 8.208673 
288 96 cn54 5.911424 
288 43 cn41 6.113744 
288 115 cn54 6.639066 
288 46 cn41 7.845063 
288 142 cn54 7.426329 
288 47 cn41 6.529548 
288 124 cn54 8.983932 
288 32 cn41 7.901776 
288 116 cn54 7.310161 
288 18 cn41 7.747938 
288 106 cn54 7.040335 
288 144 cn55 9.233081 
288 146 cn55 7.224947 
288 147 cn55 5.796455 
288 148 cn55 8.566405 
288 151 cn55 6.975903 
288 153 cn55 7.465129 
288 154 cn55 6.336232 
288 155 cn55 6.773266 
288 156 cn55 8.884238 
288 157 cn55 8.311036 
288 161 cn55 6.831492 
288 162 cn55 7.825149 
288 164 cn55 6.625812 
288 165 cn55 8.059674 
288 166 cn55 7.096148 
288 167 cn55 6.442694 
288 169 cn55 6.965294 
288 170 cn55 7.475407 
288 171 cn55 8.710418 
288 172 cn55 8.608526 
288 174 cn55 8.139771 
288 175 cn55 8.067922 
288 176 cn55 7.613409 
288 178 cn55 9.271103 
288 179 cn55 6.310872 
288 180 cn55 6.340262 
288 183 cn55 7.881725 
288 184 cn55 6.808794 
288 187 cn55 7.140027 
288 188 cn55 10.09337 
288 190 cn55 7.436024 
288 191 cn55 7.444757 
288 149 cn55 7.809048 
288 181 cn55 8.207855 
288 160 cn55 7.309989 
288 177 cn55 9.059591 
288 145 cn55 8.702892 
288 185 cn55 5.997441 
288 158 cn55 6.96787 
288 182 cn55 6.8605 
288 163 cn55 6.455094 
288 150 cn55 7.767959 
288 189 cn55 6.399964 
288 159 cn55 8.514964 
288 186 cn55 8.668612 
288 173 cn55 6.758612 
288 152 cn55 6.095941 
288 266 cn57 6.121498 
288 243 cn57 7.063035 
288 257 cn57 8.786592 
288 284 cn57 5.681436 
288 273 cn57 7.68464 
288 241 cn57 7.028981 
288 249 cn57 6.777836 
288 250 cn57 8.517362 
288 274 cn57 6.513689 
288 283 cn57 7.266084 
288 258 cn57 8.123022 
288 246 cn57 5.719781 
288 270 cn57 9.044059 
288 277 cn57 9.404009 
288 240 cn57 6.366407 
288 247 cn57 7.262876 
288 251 cn57 6.165272 
288 260 cn57 7.943306 
288 267 cn57 4.833585 
288 281 cn57 7.020862 
288 287 cn57 5.740761 
288 282 cn57 6.938728 
288 286 cn57 6.489462 
288 275 cn57 6.900672 
288 254 cn57 8.697159 
288 263 cn57 8.799147 
288 252 cn57 4.97993 
288 269 cn57 6.06487 
288 271 cn57 7.623295 
288 244 cn57 5.63491 
288 261 cn57 8.150652 
288 280 cn57 8.236321 
288 253 cn57 6.124313 
288 272 cn57 6.747229 
288 268 cn57 5.978167 
288 285 cn57 8.076472 
288 259 cn57 7.066691 
288 279 cn57 6.947134 
288 262 cn57 7.055625 
288 276 cn57 9.01892 
288 265 cn57 5.980446 
288 278 cn57 6.772441 
288 255 cn57 9.767475 
288 242 cn57 5.461977 
288 264 cn57 7.299645 
288 245 cn57 7.7767 
288 256 cn57 5.40206 
288 195 cn56 6.606334 
288 197 cn56 6.272795 
288 198 cn56 5.911083 
288 200 cn56 8.679181 
288 201 cn56 7.179625 
288 202 cn56 11.04617 
288 208 cn56 6.127098 
288 209 cn56 7.660113 
288 210 cn56 5.51659 
288 213 cn56 8.177125 
288 217 cn56 7.17243 
288 226 cn56 5.894399 
288 227 cn56 5.014626 
288 228 cn56 7.184851 
288 229 cn56 6.647844 
288 231 cn56 7.826862 
288 239 cn56 8.158499 
288 196 cn56 7.378143 
288 219 cn56 6.589219 
288 220 cn56 6.318772 
288 224 cn56 7.240004 
288 237 cn56 9.217453 
288 218 cn56 8.73382 
288 199 cn56 6.677134 
288 225 cn56 7.772417 
288 233 cn56 7.24962 
288 215 cn56 9.551019 
288 214 cn56 9.10338 
288 236 cn56 7.767324 
288 203 cn56 6.545587 
288 204 cn56 6.606482 
288 192 cn56 7.346076 
288 193 cn56 8.877565 
288 221 cn56 8.936062 
288 238 cn56 6.610193 
288 206 cn56 7.860499 
288 223 cn56 6.161247 
288 234 cn56 8.107755 
288 207 cn56 9.435568 
288 205 cn56 6.747605 
288 211 cn56 6.889821 
288 222 cn56 8.37329 
288 235 cn56 9.876688 
288 216 cn56 8.867897 
288 212 cn56 8.034679 
288 230 cn56 8.589331 
288 232 cn56 8.403424 
288 95 cn53 8.66222 
288 65 cn53 7.864052 
288 91 cn53 7.653232 
288 53 cn53 5.865954 
288 58 cn53 6.083685 
288 60 cn53 6.258057 
288 75 cn53 8.314715 
288 74 cn53 7.726139 
288 77 cn53 10.55568 
288 87 cn53 8.531481 
288 71 cn53 9.192834 
288 66 cn53 6.900426 
288 79 cn53 7.854568 
288 51 cn53 7.018202 
288 52 cn53 5.964078 
288 57 cn53 7.769796 
288 63 cn53 7.718563 
288 69 cn53 8.355787 
288 73 cn53 7.392762 
288 56 cn53 7.147953 
288 70 cn53 8.651478 
288 82 cn53 6.640916 
288 84 cn53 8.276139 
288 93 cn53 8.95466 
288 83 cn53 8.670156 
288 85 cn53 8.272236 
288 72 cn53 5.634729 
288 94 cn53 9.593407 
288 54 cn53 6.058586 
288 61 cn53 7.632711 
288 80 cn53 6.639021 
288 64 cn53 6.847724 
288 89 cn53 7.56779 
288 67 cn53 9.999067 
288 59 cn53 9.329669 
288 68 cn53 7.608951 
288 81 cn53 10.40088 
288 88 cn53 7.823022 
288 92 cn53 5.638557 
288 48 cn53 6.948253 
288 50 cn53 7.632049 
288 55 cn53 7.886834 
288 49 cn53 10.63774 
288 62 cn53 7.593129 
288 78 cn53 7.672094 
288 86 cn53 6.420071 
288 90 cn53 7.58346 
